<?xml version="1.0" encoding="UTF-8"?>
<testsuite xmlns:xsi="http://www.w3.org/2001/XMLSchema-instance" xsi:noNamespaceSchemaLocation="https://maven.apache.org/surefire/maven-surefire-plugin/xsd/surefire-test-report-3.0.xsd" version="3.0" name="runners.InventoryTest" time="1.571" tests="6" errors="0" skipped="0" failures="0">
  <properties>
[...]
</properties>
  <testcase name="[1:10] Get all menu items" classname="features/inventory" time="0.678">
    <system-out><![CDATA[09:23:27.770 [main] DEBUG com.intuit.karate.Suite -- [config] classpath:karate-config.js
09:23:28.281 [main] DEBUG com.jayway.jsonpath.internal.path.CompiledPath -- Evaluating path: $
09:23:28.410 [main] DEBUG org.apache.http.client.protocol.RequestAddCookies -- CookieSpec selected: karate
09:23:28.412 [main] DEBUG org.apache.http.client.protocol.RequestAuthCache -- Auth cache not set in the context
09:23:28.413 [main] DEBUG com.intuit.karate -- request:
1 > GET http://localhost:3100/api/inventory
1 > Host: localhost:3100
1 > Connection: Keep-Alive
1 > User-Agent: Apache-HttpClient/4.5.14 (Java/25.0.2)
1 > Accept-Encoding: gzip,deflate


09:23:28.414 [main] DEBUG org.apache.http.impl.conn.PoolingHttpClientConnectionManager -- Connection request: [route: {}->http://localhost:3100][total available: 0; route allocated: 0 of 5; total allocated: 0 of 10]
09:23:28.417 [main] DEBUG org.apache.http.impl.conn.PoolingHttpClientConnectionManager -- Connection leased: [id: 0][route: {}->http://localhost:3100][total available: 0; route allocated: 1 of 5; total allocated: 1 of 10]
09:23:28.418 [main] DEBUG org.apache.http.impl.execchain.MainClientExec -- Opening connection {}->http://localhost:3100
09:23:28.427 [main] DEBUG org.apache.http.impl.conn.DefaultHttpClientConnectionOperator -- Connecting to localhost/127.0.0.1:3100
09:23:28.428 [main] DEBUG org.apache.http.impl.conn.DefaultHttpClientConnectionOperator -- Connection established 127.0.0.1:56556<->127.0.0.1:3100
09:23:28.428 [main] DEBUG org.apache.http.impl.conn.DefaultManagedHttpClientConnection -- http-outgoing-0: set socket timeout to 30000
09:23:28.428 [main] DEBUG org.apache.http.impl.execchain.MainClientExec -- Executing request GET /api/inventory HTTP/1.1
09:23:28.428 [main] DEBUG org.apache.http.impl.execchain.MainClientExec -- Target auth state: UNCHALLENGED
09:23:28.428 [main] DEBUG org.apache.http.impl.execchain.MainClientExec -- Proxy auth state: UNCHALLENGED
09:23:28.428 [main] DEBUG org.apache.http.headers -- http-outgoing-0 >> GET /api/inventory HTTP/1.1
09:23:28.429 [main] DEBUG org.apache.http.headers -- http-outgoing-0 >> Host: localhost:3100
09:23:28.429 [main] DEBUG org.apache.http.headers -- http-outgoing-0 >> Connection: Keep-Alive
09:23:28.429 [main] DEBUG org.apache.http.headers -- http-outgoing-0 >> User-Agent: Apache-HttpClient/4.5.14 (Java/25.0.2)
09:23:28.429 [main] DEBUG org.apache.http.headers -- http-outgoing-0 >> Accept-Encoding: gzip,deflate
09:23:28.429 [main] DEBUG org.apache.http.wire -- http-outgoing-0 >> "GET /api/inventory HTTP/1.1[\r][\n]"
09:23:28.429 [main] DEBUG org.apache.http.wire -- http-outgoing-0 >> "Host: localhost:3100[\r][\n]"
09:23:28.429 [main] DEBUG org.apache.http.wire -- http-outgoing-0 >> "Connection: Keep-Alive[\r][\n]"
09:23:28.429 [main] DEBUG org.apache.http.wire -- http-outgoing-0 >> "User-Agent: Apache-HttpClient/4.5.14 (Java/25.0.2)[\r][\n]"
09:23:28.429 [main] DEBUG org.apache.http.wire -- http-outgoing-0 >> "Accept-Encoding: gzip,deflate[\r][\n]"
09:23:28.429 [main] DEBUG org.apache.http.wire -- http-outgoing-0 >> "[\r][\n]"
09:23:28.432 [main] DEBUG org.apache.http.wire -- http-outgoing-0 << "HTTP/1.1 200 OK[\r][\n]"
09:23:28.432 [main] DEBUG org.apache.http.wire -- http-outgoing-0 << "X-Powered-By: Express[\r][\n]"
09:23:28.432 [main] DEBUG org.apache.http.wire -- http-outgoing-0 << "Content-Type: application/json; charset=utf-8[\r][\n]"
09:23:28.432 [main] DEBUG org.apache.http.wire -- http-outgoing-0 << "Content-Length: 1466[\r][\n]"
09:23:28.433 [main] DEBUG org.apache.http.wire -- http-outgoing-0 << "ETag: W/"5ba-N7hIKZ6bMASjbPl5hgmK8pryErc"[\r][\n]"
09:23:28.433 [main] DEBUG org.apache.http.wire -- http-outgoing-0 << "Date: Wed, 01 Apr 2026 14:23:28 GMT[\r][\n]"
09:23:28.433 [main] DEBUG org.apache.http.wire -- http-outgoing-0 << "Connection: keep-alive[\r][\n]"
09:23:28.433 [main] DEBUG org.apache.http.wire -- http-outgoing-0 << "Keep-Alive: timeout=5[\r][\n]"
09:23:28.433 [main] DEBUG org.apache.http.wire -- http-outgoing-0 << "[\r][\n]"
09:23:28.433 [main] DEBUG org.apache.http.wire -- http-outgoing-0 << "{"data":[{"id":"1","name":"Classic Muzzarella","image":"classic.png","price":"$8"},{"id":"2","name":"Crispy Bacon","image":"bacon.png","price":"$9"},{"id":"3","name":"Baked Rolls x 8","image":"roll.png","price":"$10"},{"id":"4","name":"Garlic Mix","image":"garlicmix.png","price":"$9"},{"id":"5","name":"Margarita","image":"margarita.png","price":"$9"},{"id":"6","name":"Veggie","image":"veggie.png","price":"$8"},{"id":"7","name":"Super Pepperoni","image":"extrapeperoni.png","price":"$10"},{"id":"8","name":"Evergreen Cream","image":"evergreen.png","price":"$9"},{"id":"9","name":"Muzzarella BBQ","image":"bbqcheese.png","price":"$9"},{"id":"10","name":"Hawaiian","image":"hawaiian.png","price":"$14"},{"id":"newId","name":"Hawaiian","image":"hawaiian.png","price":"$14"},{"id":"11","name":"Hawaiian","image":"hawaiian.png","price":"$14"},{"id":"1774989498551","name":"Hawaiian","image":"hawaiian.png","price":"$14"},{"id":"1774989498592","name":"Hawaiian","image":"hawaiian.png","price":"$14"},{"id":"1775053187593","name":"Hawaiian","image":"hawaiian.png","price":"$14"},{"id":"1775053187628","name":"Hawaiian","image":"hawaiian.png","price":"$14"},{"id":"1775053214668","name":"Hawaiian","image":"hawaiian.png","price":"$14"},{"id":"1775053214707","name":"Hawaiian","image":"hawaiian.png","price":"$14"},{"id":"1775053349133","name":"Hawaiian","image":"hawaiian.png","price":"$14"},{"id":"1775053349167","name":"Hawaiian","image":"hawaiian.png","price":"$14"}]}"
09:23:28.433 [main] DEBUG org.apache.http.headers -- http-outgoing-0 << HTTP/1.1 200 OK
09:23:28.433 [main] DEBUG org.apache.http.headers -- http-outgoing-0 << X-Powered-By: Express
09:23:28.434 [main] DEBUG org.apache.http.headers -- http-outgoing-0 << Content-Type: application/json; charset=utf-8
09:23:28.434 [main] DEBUG org.apache.http.headers -- http-outgoing-0 << Content-Length: 1466
09:23:28.434 [main] DEBUG org.apache.http.headers -- http-outgoing-0 << ETag: W/"5ba-N7hIKZ6bMASjbPl5hgmK8pryErc"
09:23:28.434 [main] DEBUG org.apache.http.headers -- http-outgoing-0 << Date: Wed, 01 Apr 2026 14:23:28 GMT
09:23:28.434 [main] DEBUG org.apache.http.headers -- http-outgoing-0 << Connection: keep-alive
09:23:28.434 [main] DEBUG org.apache.http.headers -- http-outgoing-0 << Keep-Alive: timeout=5
09:23:28.435 [main] DEBUG org.apache.http.impl.execchain.MainClientExec -- Connection can be kept alive for 5000 MILLISECONDS
09:23:28.436 [main] DEBUG org.apache.http.impl.conn.PoolingHttpClientConnectionManager -- Connection [id: 0][route: {}->http://localhost:3100] can be kept alive for 5.0 seconds
09:23:28.436 [main] DEBUG org.apache.http.impl.conn.DefaultManagedHttpClientConnection -- http-outgoing-0: set socket timeout to 0
09:23:28.436 [main] DEBUG org.apache.http.impl.conn.PoolingHttpClientConnectionManager -- Connection released: [id: 0][route: {}->http://localhost:3100][total available: 1; route allocated: 1 of 5; total allocated: 1 of 10]
09:23:28.436 [main] DEBUG org.apache.http.impl.conn.PoolingHttpClientConnectionManager -- Connection manager is shutting down
09:23:28.436 [main] DEBUG org.apache.http.impl.conn.DefaultManagedHttpClientConnection -- http-outgoing-0: Close connection
09:23:28.436 [main] DEBUG org.apache.http.impl.conn.PoolingHttpClientConnectionManager -- Connection manager shut down
09:23:28.437 [main] DEBUG com.intuit.karate -- response time in milliseconds: 23
1 < 200
1 < X-Powered-By: Express
1 < Content-Type: application/json; charset=utf-8
1 < Content-Length: 1466
1 < ETag: W/"5ba-N7hIKZ6bMASjbPl5hgmK8pryErc"
1 < Date: Wed, 01 Apr 2026 14:23:28 GMT
1 < Connection: keep-alive
1 < Keep-Alive: timeout=5
{"data":[{"id":"1","name":"Classic Muzzarella","image":"classic.png","price":"$8"},{"id":"2","name":"Crispy Bacon","image":"bacon.png","price":"$9"},{"id":"3","name":"Baked Rolls x 8","image":"roll.png","price":"$10"},{"id":"4","name":"Garlic Mix","image":"garlicmix.png","price":"$9"},{"id":"5","name":"Margarita","image":"margarita.png","price":"$9"},{"id":"6","name":"Veggie","image":"veggie.png","price":"$8"},{"id":"7","name":"Super Pepperoni","image":"extrapeperoni.png","price":"$10"},{"id":"8","name":"Evergreen Cream","image":"evergreen.png","price":"$9"},{"id":"9","name":"Muzzarella BBQ","image":"bbqcheese.png","price":"$9"},{"id":"10","name":"Hawaiian","image":"hawaiian.png","price":"$14"},{"id":"newId","name":"Hawaiian","image":"hawaiian.png","price":"$14"},{"id":"11","name":"Hawaiian","image":"hawaiian.png","price":"$14"},{"id":"1774989498551","name":"Hawaiian","image":"hawaiian.png","price":"$14"},{"id":"1774989498592","name":"Hawaiian","image":"hawaiian.png","price":"$14"},{"id":"1775053187593","name":"Hawaiian","image":"hawaiian.png","price":"$14"},{"id":"1775053187628","name":"Hawaiian","image":"hawaiian.png","price":"$14"},{"id":"1775053214668","name":"Hawaiian","image":"hawaiian.png","price":"$14"},{"id":"1775053214707","name":"Hawaiian","image":"hawaiian.png","price":"$14"},{"id":"1775053349133","name":"Hawaiian","image":"hawaiian.png","price":"$14"},{"id":"1775053349167","name":"Hawaiian","image":"hawaiian.png","price":"$14"}]}

09:23:28.452 [main] DEBUG com.jayway.jsonpath.internal.path.CompiledPath -- Evaluating path: $['data']
09:23:28.453 [main] DEBUG com.jayway.jsonpath.internal.path.CompiledPath -- Evaluating path: $
]]></system-out>
  </testcase>
  <testcase name="[2:18] Filter inventory by id" classname="features/inventory" time="0.014">
    <system-out><![CDATA[09:23:28.467 [main] DEBUG com.jayway.jsonpath.internal.path.CompiledPath -- Evaluating path: $
09:23:28.470 [main] DEBUG org.apache.http.client.protocol.RequestAddCookies -- CookieSpec selected: karate
09:23:28.470 [main] DEBUG org.apache.http.client.protocol.RequestAuthCache -- Auth cache not set in the context
09:23:28.470 [main] DEBUG com.intuit.karate -- request:
1 > GET http://localhost:3100/api/inventory/filter?id=3
1 > Host: localhost:3100
1 > Connection: Keep-Alive
1 > User-Agent: Apache-HttpClient/4.5.14 (Java/25.0.2)
1 > Accept-Encoding: gzip,deflate


09:23:28.471 [main] DEBUG org.apache.http.impl.conn.PoolingHttpClientConnectionManager -- Connection request: [route: {}->http://localhost:3100][total available: 0; route allocated: 0 of 5; total allocated: 0 of 10]
09:23:28.471 [main] DEBUG org.apache.http.impl.conn.PoolingHttpClientConnectionManager -- Connection leased: [id: 1][route: {}->http://localhost:3100][total available: 0; route allocated: 1 of 5; total allocated: 1 of 10]
09:23:28.471 [main] DEBUG org.apache.http.impl.execchain.MainClientExec -- Opening connection {}->http://localhost:3100
09:23:28.471 [main] DEBUG org.apache.http.impl.conn.DefaultHttpClientConnectionOperator -- Connecting to localhost/127.0.0.1:3100
09:23:28.471 [main] DEBUG org.apache.http.impl.conn.DefaultHttpClientConnectionOperator -- Connection established 127.0.0.1:56557<->127.0.0.1:3100
09:23:28.471 [main] DEBUG org.apache.http.impl.conn.DefaultManagedHttpClientConnection -- http-outgoing-1: set socket timeout to 30000
09:23:28.471 [main] DEBUG org.apache.http.impl.execchain.MainClientExec -- Executing request GET /api/inventory/filter?id=3 HTTP/1.1
09:23:28.471 [main] DEBUG org.apache.http.impl.execchain.MainClientExec -- Target auth state: UNCHALLENGED
09:23:28.471 [main] DEBUG org.apache.http.impl.execchain.MainClientExec -- Proxy auth state: UNCHALLENGED
09:23:28.471 [main] DEBUG org.apache.http.headers -- http-outgoing-1 >> GET /api/inventory/filter?id=3 HTTP/1.1
09:23:28.472 [main] DEBUG org.apache.http.headers -- http-outgoing-1 >> Host: localhost:3100
09:23:28.472 [main] DEBUG org.apache.http.headers -- http-outgoing-1 >> Connection: Keep-Alive
09:23:28.472 [main] DEBUG org.apache.http.headers -- http-outgoing-1 >> User-Agent: Apache-HttpClient/4.5.14 (Java/25.0.2)
09:23:28.472 [main] DEBUG org.apache.http.headers -- http-outgoing-1 >> Accept-Encoding: gzip,deflate
09:23:28.472 [main] DEBUG org.apache.http.wire -- http-outgoing-1 >> "GET /api/inventory/filter?id=3 HTTP/1.1[\r][\n]"
09:23:28.472 [main] DEBUG org.apache.http.wire -- http-outgoing-1 >> "Host: localhost:3100[\r][\n]"
09:23:28.472 [main] DEBUG org.apache.http.wire -- http-outgoing-1 >> "Connection: Keep-Alive[\r][\n]"
09:23:28.472 [main] DEBUG org.apache.http.wire -- http-outgoing-1 >> "User-Agent: Apache-HttpClient/4.5.14 (Java/25.0.2)[\r][\n]"
09:23:28.472 [main] DEBUG org.apache.http.wire -- http-outgoing-1 >> "Accept-Encoding: gzip,deflate[\r][\n]"
09:23:28.472 [main] DEBUG org.apache.http.wire -- http-outgoing-1 >> "[\r][\n]"
09:23:28.474 [main] DEBUG org.apache.http.wire -- http-outgoing-1 << "HTTP/1.1 200 OK[\r][\n]"
09:23:28.474 [main] DEBUG org.apache.http.wire -- http-outgoing-1 << "X-Powered-By: Express[\r][\n]"
09:23:28.474 [main] DEBUG org.apache.http.wire -- http-outgoing-1 << "Content-Type: application/json; charset=utf-8[\r][\n]"
09:23:28.474 [main] DEBUG org.apache.http.wire -- http-outgoing-1 << "Content-Length: 68[\r][\n]"
09:23:28.474 [main] DEBUG org.apache.http.wire -- http-outgoing-1 << "ETag: W/"44-vJ0RBTNCd/juNFNVN25r22XAjZQ"[\r][\n]"
09:23:28.474 [main] DEBUG org.apache.http.wire -- http-outgoing-1 << "Date: Wed, 01 Apr 2026 14:23:28 GMT[\r][\n]"
09:23:28.474 [main] DEBUG org.apache.http.wire -- http-outgoing-1 << "Connection: keep-alive[\r][\n]"
09:23:28.474 [main] DEBUG org.apache.http.wire -- http-outgoing-1 << "Keep-Alive: timeout=5[\r][\n]"
09:23:28.474 [main] DEBUG org.apache.http.wire -- http-outgoing-1 << "[\r][\n]"
09:23:28.474 [main] DEBUG org.apache.http.wire -- http-outgoing-1 << "{"id":"3","name":"Baked Rolls x 8","image":"roll.png","price":"$10"}"
09:23:28.474 [main] DEBUG org.apache.http.headers -- http-outgoing-1 << HTTP/1.1 200 OK
09:23:28.474 [main] DEBUG org.apache.http.headers -- http-outgoing-1 << X-Powered-By: Express
09:23:28.474 [main] DEBUG org.apache.http.headers -- http-outgoing-1 << Content-Type: application/json; charset=utf-8
09:23:28.474 [main] DEBUG org.apache.http.headers -- http-outgoing-1 << Content-Length: 68
09:23:28.474 [main] DEBUG org.apache.http.headers -- http-outgoing-1 << ETag: W/"44-vJ0RBTNCd/juNFNVN25r22XAjZQ"
09:23:28.474 [main] DEBUG org.apache.http.headers -- http-outgoing-1 << Date: Wed, 01 Apr 2026 14:23:28 GMT
09:23:28.474 [main] DEBUG org.apache.http.headers -- http-outgoing-1 << Connection: keep-alive
09:23:28.475 [main] DEBUG org.apache.http.headers -- http-outgoing-1 << Keep-Alive: timeout=5
09:23:28.475 [main] DEBUG org.apache.http.impl.execchain.MainClientExec -- Connection can be kept alive for 5000 MILLISECONDS
09:23:28.475 [main] DEBUG org.apache.http.impl.conn.PoolingHttpClientConnectionManager -- Connection [id: 1][route: {}->http://localhost:3100] can be kept alive for 5.0 seconds
09:23:28.475 [main] DEBUG org.apache.http.impl.conn.DefaultManagedHttpClientConnection -- http-outgoing-1: set socket timeout to 0
09:23:28.475 [main] DEBUG org.apache.http.impl.conn.PoolingHttpClientConnectionManager -- Connection released: [id: 1][route: {}->http://localhost:3100][total available: 1; route allocated: 1 of 5; total allocated: 1 of 10]
09:23:28.475 [main] DEBUG org.apache.http.impl.conn.PoolingHttpClientConnectionManager -- Connection manager is shutting down
09:23:28.475 [main] DEBUG org.apache.http.impl.conn.DefaultManagedHttpClientConnection -- http-outgoing-1: Close connection
09:23:28.475 [main] DEBUG org.apache.http.impl.conn.PoolingHttpClientConnectionManager -- Connection manager shut down
09:23:28.475 [main] DEBUG com.intuit.karate -- response time in milliseconds: 4
1 < 200
1 < X-Powered-By: Express
1 < Content-Type: application/json; charset=utf-8
1 < Content-Length: 68
1 < ETag: W/"44-vJ0RBTNCd/juNFNVN25r22XAjZQ"
1 < Date: Wed, 01 Apr 2026 14:23:28 GMT
1 < Connection: keep-alive
1 < Keep-Alive: timeout=5
{"id":"3","name":"Baked Rolls x 8","image":"roll.png","price":"$10"}

09:23:28.476 [main] DEBUG com.jayway.jsonpath.internal.path.CompiledPath -- Evaluating path: $
]]></system-out>
  </testcase>
  <testcase name="[3:27] Add new inventory item" classname="features/inventory" time="0.034">
    <system-out><![CDATA[09:23:28.481 [main] DEBUG com.jayway.jsonpath.internal.path.CompiledPath -- Evaluating path: $
09:23:28.490 [main] DEBUG io.netty.util.internal.logging.InternalLoggerFactory -- Using SLF4J as the default logging framework
09:23:28.491 [main] DEBUG io.netty.util.internal.PlatformDependent0 -- Java version: 25
09:23:28.491 [main] DEBUG io.netty.util.internal.PlatformDependent0 -- -Dio.netty.noUnsafe: false
09:23:28.491 [main] DEBUG io.netty.util.internal.PlatformDependent0 -- sun.misc.Unsafe: unavailable (io.netty.noUnsafe=true by default on Java 25+)
09:23:28.492 [main] DEBUG io.netty.util.internal.PlatformDependent0 -- java.nio.DirectByteBuffer.<init>(long, {int,long}): unavailable
09:23:28.492 [main] DEBUG io.netty.util.internal.PlatformDependent -- maxDirectMemory: 4294967296 bytes (maybe)
09:23:28.493 [main] DEBUG io.netty.util.internal.PlatformDependent -- -Dio.netty.tmpdir: /var/folders/0z/y_ls2td13m5ggzjlmv7zjjn80000gn/T (java.io.tmpdir)
09:23:28.493 [main] DEBUG io.netty.util.internal.PlatformDependent -- -Dio.netty.bitMode: 64 (sun.arch.data.model)
09:23:28.493 [main] DEBUG io.netty.util.internal.PlatformDependent -- Platform: MacOS
09:23:28.493 [main] DEBUG io.netty.util.internal.PlatformDependent -- -Dio.netty.maxDirectMemory: -1 bytes
09:23:28.493 [main] DEBUG io.netty.util.internal.CleanerJava9 -- java.nio.ByteBuffer.cleaner(): unavailable
java.lang.UnsupportedOperationException: sun.misc.Unsafe unavailable
	at io.netty.util.internal.CleanerJava9.<clinit>(CleanerJava9.java:70)
	at io.netty.util.internal.PlatformDependent.<clinit>(PlatformDependent.java:198)
	at io.netty.util.AsciiString.<init>(AsciiString.java:225)
	at io.netty.util.AsciiString.<init>(AsciiString.java:212)
	at io.netty.util.AsciiString.cached(AsciiString.java:1395)
	at io.netty.util.AsciiString.<clinit>(AsciiString.java:48)
	at io.netty.handler.codec.http.HttpStatusClass.<init>(HttpStatusClass.java:110)
	at io.netty.handler.codec.http.HttpStatusClass.<clinit>(HttpStatusClass.java:28)
	at io.netty.handler.codec.http.HttpResponseStatus.<init>(HttpResponseStatus.java:565)
	at io.netty.handler.codec.http.HttpResponseStatus.newStatus(HttpResponseStatus.java:331)
	at io.netty.handler.codec.http.HttpResponseStatus.<clinit>(HttpResponseStatus.java:39)
	at com.intuit.karate.http.HttpUtils.<clinit>(HttpUtils.java:248)
	at com.intuit.karate.http.HttpRequestBuilder.buildInternal(HttpRequestBuilder.java:217)
	at com.intuit.karate.http.HttpRequestBuilder.build(HttpRequestBuilder.java:150)
	at com.intuit.karate.core.ScenarioEngine.httpInvokeOnce(ScenarioEngine.java:595)
	at com.intuit.karate.core.ScenarioEngine.httpInvoke(ScenarioEngine.java:575)
	at com.intuit.karate.core.ScenarioEngine.method(ScenarioEngine.java:567)
	at com.intuit.karate.ScenarioActions.method(ScenarioActions.java:248)
	at java.base/jdk.internal.reflect.DirectMethodHandleAccessor.invoke(DirectMethodHandleAccessor.java:104)
	at java.base/java.lang.reflect.Method.invoke(Method.java:565)
	at com.intuit.karate.core.StepRuntime.execute(StepRuntime.java:288)
	at com.intuit.karate.core.ScenarioRuntime.execute(ScenarioRuntime.java:450)
	at com.intuit.karate.core.ScenarioRuntime.run(ScenarioRuntime.java:401)
	at com.intuit.karate.junit5.FeatureNode.lambda$next$1(FeatureNode.java:71)
	at org.junit.jupiter.engine.descriptor.DynamicTestTestDescriptor.lambda$execute$0(DynamicTestTestDescriptor.java:53)
	at org.junit.jupiter.engine.execution.InvocationInterceptorChain$ValidatingInvocation.proceed(InvocationInterceptorChain.java:131)
	at org.junit.jupiter.api.extension.InvocationInterceptor.interceptDynamicTest(InvocationInterceptor.java:167)
	at org.junit.jupiter.api.extension.InvocationInterceptor.interceptDynamicTest(InvocationInterceptor.java:184)
	at org.junit.jupiter.engine.descriptor.DynamicTestTestDescriptor.lambda$execute$1(DynamicTestTestDescriptor.java:61)
	at org.junit.jupiter.engine.execution.InvocationInterceptorChain$InterceptorCall.lambda$ofVoid$0(InvocationInterceptorChain.java:78)
	at org.junit.jupiter.engine.execution.InvocationInterceptorChain$InterceptedInvocation.proceed(InvocationInterceptorChain.java:106)
	at org.junit.jupiter.engine.execution.InvocationInterceptorChain.proceed(InvocationInterceptorChain.java:64)
	at org.junit.jupiter.engine.execution.InvocationInterceptorChain.chainAndInvoke(InvocationInterceptorChain.java:45)
	at org.junit.jupiter.engine.execution.InvocationInterceptorChain.invoke(InvocationInterceptorChain.java:37)
	at org.junit.jupiter.engine.descriptor.DynamicTestTestDescriptor.execute(DynamicTestTestDescriptor.java:60)
	at org.junit.jupiter.engine.descriptor.DynamicTestTestDescriptor.execute(DynamicTestTestDescriptor.java:32)
	at org.junit.platform.engine.support.hierarchical.NodeTestTask.lambda$executeRecursively$6(NodeTestTask.java:156)
	at org.junit.platform.engine.support.hierarchical.ThrowableCollector.execute(ThrowableCollector.java:73)
	at org.junit.platform.engine.support.hierarchical.NodeTestTask.lambda$executeRecursively$8(NodeTestTask.java:146)
	at org.junit.platform.engine.support.hierarchical.Node.around(Node.java:137)
	at org.junit.platform.engine.support.hierarchical.NodeTestTask.lambda$executeRecursively$9(NodeTestTask.java:144)
	at org.junit.platform.engine.support.hierarchical.ThrowableCollector.execute(ThrowableCollector.java:73)
	at org.junit.platform.engine.support.hierarchical.NodeTestTask.executeRecursively(NodeTestTask.java:143)
	at org.junit.platform.engine.support.hierarchical.NodeTestTask.execute(NodeTestTask.java:100)
	at org.junit.platform.engine.support.hierarchical.SameThreadHierarchicalTestExecutorService.submit(SameThreadHierarchicalTestExecutorService.java:35)
	at org.junit.platform.engine.support.hierarchical.NodeTestTask$DefaultDynamicTestExecutor.execute(NodeTestTask.java:231)
	at org.junit.platform.engine.support.hierarchical.NodeTestTask$DefaultDynamicTestExecutor.execute(NodeTestTask.java:209)
	at java.base/java.util.stream.ForEachOps$ForEachOp$OfRef.accept(ForEachOps.java:186)
	at java.base/java.util.stream.ReferencePipeline$3$1.accept(ReferencePipeline.java:214)
	at java.base/java.util.stream.ReferencePipeline$2$1.accept(ReferencePipeline.java:197)
	at java.base/java.util.stream.ReferencePipeline$3$1.accept(ReferencePipeline.java:214)
	at java.base/java.util.Iterator.forEachRemaining(Iterator.java:133)
	at java.base/java.util.Spliterators$IteratorSpliterator.forEachRemaining(Spliterators.java:1939)
	at java.base/java.util.stream.AbstractPipeline.copyInto(AbstractPipeline.java:570)
	at java.base/java.util.stream.AbstractPipeline.wrapAndCopyInto(AbstractPipeline.java:560)
	at java.base/java.util.stream.ForEachOps$ForEachOp.evaluateSequential(ForEachOps.java:153)
	at java.base/java.util.stream.ForEachOps$ForEachOp$OfRef.evaluateSequential(ForEachOps.java:176)
	at java.base/java.util.stream.AbstractPipeline.evaluate(AbstractPipeline.java:265)
	at java.base/java.util.stream.ReferencePipeline.forEachOrdered(ReferencePipeline.java:637)
	at org.junit.jupiter.engine.descriptor.DynamicContainerTestDescriptor.execute(DynamicContainerTestDescriptor.java:67)
	at org.junit.jupiter.engine.descriptor.DynamicContainerTestDescriptor.execute(DynamicContainerTestDescriptor.java:33)
	at org.junit.platform.engine.support.hierarchical.NodeTestTask.lambda$executeRecursively$6(NodeTestTask.java:156)
	at org.junit.platform.engine.support.hierarchical.ThrowableCollector.execute(ThrowableCollector.java:73)
	at org.junit.platform.engine.support.hierarchical.NodeTestTask.lambda$executeRecursively$8(NodeTestTask.java:146)
	at org.junit.platform.engine.support.hierarchical.Node.around(Node.java:137)
	at org.junit.platform.engine.support.hierarchical.NodeTestTask.lambda$executeRecursively$9(NodeTestTask.java:144)
	at org.junit.platform.engine.support.hierarchical.ThrowableCollector.execute(ThrowableCollector.java:73)
	at org.junit.platform.engine.support.hierarchical.NodeTestTask.executeRecursively(NodeTestTask.java:143)
	at org.junit.platform.engine.support.hierarchical.NodeTestTask.execute(NodeTestTask.java:100)
	at org.junit.platform.engine.support.hierarchical.SameThreadHierarchicalTestExecutorService.submit(SameThreadHierarchicalTestExecutorService.java:35)
	at org.junit.platform.engine.support.hierarchical.NodeTestTask$DefaultDynamicTestExecutor.execute(NodeTestTask.java:231)
	at org.junit.platform.engine.support.hierarchical.NodeTestTask$DefaultDynamicTestExecutor.execute(NodeTestTask.java:209)
	at java.base/java.util.Optional.ifPresent(Optional.java:178)
	at org.junit.jupiter.engine.descriptor.TestFactoryTestDescriptor.lambda$invokeTestMethod$1(TestFactoryTestDescriptor.java:108)
	at org.junit.platform.engine.support.hierarchical.ThrowableCollector.execute(ThrowableCollector.java:73)
	at org.junit.jupiter.engine.descriptor.TestFactoryTestDescriptor.invokeTestMethod(TestFactoryTestDescriptor.java:95)
	at org.junit.jupiter.engine.descriptor.TestMethodTestDescriptor.execute(TestMethodTestDescriptor.java:138)
	at org.junit.jupiter.engine.descriptor.TestMethodTestDescriptor.execute(TestMethodTestDescriptor.java:68)
	at org.junit.platform.engine.support.hierarchical.NodeTestTask.lambda$executeRecursively$6(NodeTestTask.java:156)
	at org.junit.platform.engine.support.hierarchical.ThrowableCollector.execute(ThrowableCollector.java:73)
	at org.junit.platform.engine.support.hierarchical.NodeTestTask.lambda$executeRecursively$8(NodeTestTask.java:146)
	at org.junit.platform.engine.support.hierarchical.Node.around(Node.java:137)
	at org.junit.platform.engine.support.hierarchical.NodeTestTask.lambda$executeRecursively$9(NodeTestTask.java:144)
	at org.junit.platform.engine.support.hierarchical.ThrowableCollector.execute(ThrowableCollector.java:73)
	at org.junit.platform.engine.support.hierarchical.NodeTestTask.executeRecursively(NodeTestTask.java:143)
	at org.junit.platform.engine.support.hierarchical.NodeTestTask.execute(NodeTestTask.java:100)
	at java.base/java.util.ArrayList.forEach(ArrayList.java:1604)
	at org.junit.platform.engine.support.hierarchical.SameThreadHierarchicalTestExecutorService.invokeAll(SameThreadHierarchicalTestExecutorService.java:41)
	at org.junit.platform.engine.support.hierarchical.NodeTestTask.lambda$executeRecursively$6(NodeTestTask.java:160)
	at org.junit.platform.engine.support.hierarchical.ThrowableCollector.execute(ThrowableCollector.java:73)
	at org.junit.platform.engine.support.hierarchical.NodeTestTask.lambda$executeRecursively$8(NodeTestTask.java:146)
	at org.junit.platform.engine.support.hierarchical.Node.around(Node.java:137)
	at org.junit.platform.engine.support.hierarchical.NodeTestTask.lambda$executeRecursively$9(NodeTestTask.java:144)
	at org.junit.platform.engine.support.hierarchical.ThrowableCollector.execute(ThrowableCollector.java:73)
	at org.junit.platform.engine.support.hierarchical.NodeTestTask.executeRecursively(NodeTestTask.java:143)
	at org.junit.platform.engine.support.hierarchical.NodeTestTask.execute(NodeTestTask.java:100)
	at java.base/java.util.ArrayList.forEach(ArrayList.java:1604)
	at org.junit.platform.engine.support.hierarchical.SameThreadHierarchicalTestExecutorService.invokeAll(SameThreadHierarchicalTestExecutorService.java:41)
	at org.junit.platform.engine.support.hierarchical.NodeTestTask.lambda$executeRecursively$6(NodeTestTask.java:160)
	at org.junit.platform.engine.support.hierarchical.ThrowableCollector.execute(ThrowableCollector.java:73)
	at org.junit.platform.engine.support.hierarchical.NodeTestTask.lambda$executeRecursively$8(NodeTestTask.java:146)
	at org.junit.platform.engine.support.hierarchical.Node.around(Node.java:137)
	at org.junit.platform.engine.support.hierarchical.NodeTestTask.lambda$executeRecursively$9(NodeTestTask.java:144)
	at org.junit.platform.engine.support.hierarchical.ThrowableCollector.execute(ThrowableCollector.java:73)
	at org.junit.platform.engine.support.hierarchical.NodeTestTask.executeRecursively(NodeTestTask.java:143)
	at org.junit.platform.engine.support.hierarchical.NodeTestTask.execute(NodeTestTask.java:100)
	at org.junit.platform.engine.support.hierarchical.SameThreadHierarchicalTestExecutorService.submit(SameThreadHierarchicalTestExecutorService.java:35)
	at org.junit.platform.engine.support.hierarchical.HierarchicalTestExecutor.execute(HierarchicalTestExecutor.java:57)
	at org.junit.platform.engine.support.hierarchical.HierarchicalTestEngine.execute(HierarchicalTestEngine.java:54)
	at org.junit.platform.launcher.core.EngineExecutionOrchestrator.execute(EngineExecutionOrchestrator.java:198)
	at org.junit.platform.launcher.core.EngineExecutionOrchestrator.execute(EngineExecutionOrchestrator.java:169)
	at org.junit.platform.launcher.core.EngineExecutionOrchestrator.execute(EngineExecutionOrchestrator.java:93)
	at org.junit.platform.launcher.core.EngineExecutionOrchestrator.lambda$execute$0(EngineExecutionOrchestrator.java:58)
	at org.junit.platform.launcher.core.EngineExecutionOrchestrator.withInterceptedStreams(EngineExecutionOrchestrator.java:141)
	at org.junit.platform.launcher.core.EngineExecutionOrchestrator.execute(EngineExecutionOrchestrator.java:57)
	at org.junit.platform.launcher.core.DefaultLauncher.execute(DefaultLauncher.java:103)
	at org.junit.platform.launcher.core.DefaultLauncher.execute(DefaultLauncher.java:85)
	at org.junit.platform.launcher.core.DelegatingLauncher.execute(DelegatingLauncher.java:47)
	at org.apache.maven.surefire.junitplatform.LazyLauncher.execute(LazyLauncher.java:50)
	at org.apache.maven.surefire.junitplatform.JUnitPlatformProvider.execute(JUnitPlatformProvider.java:184)
	at org.apache.maven.surefire.junitplatform.JUnitPlatformProvider.invokeAllTests(JUnitPlatformProvider.java:148)
	at org.apache.maven.surefire.junitplatform.JUnitPlatformProvider.invoke(JUnitPlatformProvider.java:122)
	at org.apache.maven.surefire.booter.ForkedBooter.runSuitesInProcess(ForkedBooter.java:385)
	at org.apache.maven.surefire.booter.ForkedBooter.execute(ForkedBooter.java:162)
	at org.apache.maven.surefire.booter.ForkedBooter.run(ForkedBooter.java:507)
	at org.apache.maven.surefire.booter.ForkedBooter.main(ForkedBooter.java:495)
09:23:28.495 [main] DEBUG io.netty.util.internal.CleanerJava24Linker -- java.nio.ByteBuffer.cleaner(): unavailable
java.lang.UnsupportedOperationException: Native access (restricted methods) is not enabled for the io.netty.common module.
	at io.netty.util.internal.CleanerJava24Linker.<clinit>(CleanerJava24Linker.java:78)
	at io.netty.util.internal.PlatformDependent.<clinit>(PlatformDependent.java:200)
	at io.netty.util.AsciiString.<init>(AsciiString.java:225)
	at io.netty.util.AsciiString.<init>(AsciiString.java:212)
	at io.netty.util.AsciiString.cached(AsciiString.java:1395)
	at io.netty.util.AsciiString.<clinit>(AsciiString.java:48)
	at io.netty.handler.codec.http.HttpStatusClass.<init>(HttpStatusClass.java:110)
	at io.netty.handler.codec.http.HttpStatusClass.<clinit>(HttpStatusClass.java:28)
	at io.netty.handler.codec.http.HttpResponseStatus.<init>(HttpResponseStatus.java:565)
	at io.netty.handler.codec.http.HttpResponseStatus.newStatus(HttpResponseStatus.java:331)
	at io.netty.handler.codec.http.HttpResponseStatus.<clinit>(HttpResponseStatus.java:39)
	at com.intuit.karate.http.HttpUtils.<clinit>(HttpUtils.java:248)
	at com.intuit.karate.http.HttpRequestBuilder.buildInternal(HttpRequestBuilder.java:217)
	at com.intuit.karate.http.HttpRequestBuilder.build(HttpRequestBuilder.java:150)
	at com.intuit.karate.core.ScenarioEngine.httpInvokeOnce(ScenarioEngine.java:595)
	at com.intuit.karate.core.ScenarioEngine.httpInvoke(ScenarioEngine.java:575)
	at com.intuit.karate.core.ScenarioEngine.method(ScenarioEngine.java:567)
	at com.intuit.karate.ScenarioActions.method(ScenarioActions.java:248)
	at java.base/jdk.internal.reflect.DirectMethodHandleAccessor.invoke(DirectMethodHandleAccessor.java:104)
	at java.base/java.lang.reflect.Method.invoke(Method.java:565)
	at com.intuit.karate.core.StepRuntime.execute(StepRuntime.java:288)
	at com.intuit.karate.core.ScenarioRuntime.execute(ScenarioRuntime.java:450)
	at com.intuit.karate.core.ScenarioRuntime.run(ScenarioRuntime.java:401)
	at com.intuit.karate.junit5.FeatureNode.lambda$next$1(FeatureNode.java:71)
	at org.junit.jupiter.engine.descriptor.DynamicTestTestDescriptor.lambda$execute$0(DynamicTestTestDescriptor.java:53)
	at org.junit.jupiter.engine.execution.InvocationInterceptorChain$ValidatingInvocation.proceed(InvocationInterceptorChain.java:131)
	at org.junit.jupiter.api.extension.InvocationInterceptor.interceptDynamicTest(InvocationInterceptor.java:167)
	at org.junit.jupiter.api.extension.InvocationInterceptor.interceptDynamicTest(InvocationInterceptor.java:184)
	at org.junit.jupiter.engine.descriptor.DynamicTestTestDescriptor.lambda$execute$1(DynamicTestTestDescriptor.java:61)
	at org.junit.jupiter.engine.execution.InvocationInterceptorChain$InterceptorCall.lambda$ofVoid$0(InvocationInterceptorChain.java:78)
	at org.junit.jupiter.engine.execution.InvocationInterceptorChain$InterceptedInvocation.proceed(InvocationInterceptorChain.java:106)
	at org.junit.jupiter.engine.execution.InvocationInterceptorChain.proceed(InvocationInterceptorChain.java:64)
	at org.junit.jupiter.engine.execution.InvocationInterceptorChain.chainAndInvoke(InvocationInterceptorChain.java:45)
	at org.junit.jupiter.engine.execution.InvocationInterceptorChain.invoke(InvocationInterceptorChain.java:37)
	at org.junit.jupiter.engine.descriptor.DynamicTestTestDescriptor.execute(DynamicTestTestDescriptor.java:60)
	at org.junit.jupiter.engine.descriptor.DynamicTestTestDescriptor.execute(DynamicTestTestDescriptor.java:32)
	at org.junit.platform.engine.support.hierarchical.NodeTestTask.lambda$executeRecursively$6(NodeTestTask.java:156)
	at org.junit.platform.engine.support.hierarchical.ThrowableCollector.execute(ThrowableCollector.java:73)
	at org.junit.platform.engine.support.hierarchical.NodeTestTask.lambda$executeRecursively$8(NodeTestTask.java:146)
	at org.junit.platform.engine.support.hierarchical.Node.around(Node.java:137)
	at org.junit.platform.engine.support.hierarchical.NodeTestTask.lambda$executeRecursively$9(NodeTestTask.java:144)
	at org.junit.platform.engine.support.hierarchical.ThrowableCollector.execute(ThrowableCollector.java:73)
	at org.junit.platform.engine.support.hierarchical.NodeTestTask.executeRecursively(NodeTestTask.java:143)
	at org.junit.platform.engine.support.hierarchical.NodeTestTask.execute(NodeTestTask.java:100)
	at org.junit.platform.engine.support.hierarchical.SameThreadHierarchicalTestExecutorService.submit(SameThreadHierarchicalTestExecutorService.java:35)
	at org.junit.platform.engine.support.hierarchical.NodeTestTask$DefaultDynamicTestExecutor.execute(NodeTestTask.java:231)
	at org.junit.platform.engine.support.hierarchical.NodeTestTask$DefaultDynamicTestExecutor.execute(NodeTestTask.java:209)
	at java.base/java.util.stream.ForEachOps$ForEachOp$OfRef.accept(ForEachOps.java:186)
	at java.base/java.util.stream.ReferencePipeline$3$1.accept(ReferencePipeline.java:214)
	at java.base/java.util.stream.ReferencePipeline$2$1.accept(ReferencePipeline.java:197)
	at java.base/java.util.stream.ReferencePipeline$3$1.accept(ReferencePipeline.java:214)
	at java.base/java.util.Iterator.forEachRemaining(Iterator.java:133)
	at java.base/java.util.Spliterators$IteratorSpliterator.forEachRemaining(Spliterators.java:1939)
	at java.base/java.util.stream.AbstractPipeline.copyInto(AbstractPipeline.java:570)
	at java.base/java.util.stream.AbstractPipeline.wrapAndCopyInto(AbstractPipeline.java:560)
	at java.base/java.util.stream.ForEachOps$ForEachOp.evaluateSequential(ForEachOps.java:153)
	at java.base/java.util.stream.ForEachOps$ForEachOp$OfRef.evaluateSequential(ForEachOps.java:176)
	at java.base/java.util.stream.AbstractPipeline.evaluate(AbstractPipeline.java:265)
	at java.base/java.util.stream.ReferencePipeline.forEachOrdered(ReferencePipeline.java:637)
	at org.junit.jupiter.engine.descriptor.DynamicContainerTestDescriptor.execute(DynamicContainerTestDescriptor.java:67)
	at org.junit.jupiter.engine.descriptor.DynamicContainerTestDescriptor.execute(DynamicContainerTestDescriptor.java:33)
	at org.junit.platform.engine.support.hierarchical.NodeTestTask.lambda$executeRecursively$6(NodeTestTask.java:156)
	at org.junit.platform.engine.support.hierarchical.ThrowableCollector.execute(ThrowableCollector.java:73)
	at org.junit.platform.engine.support.hierarchical.NodeTestTask.lambda$executeRecursively$8(NodeTestTask.java:146)
	at org.junit.platform.engine.support.hierarchical.Node.around(Node.java:137)
	at org.junit.platform.engine.support.hierarchical.NodeTestTask.lambda$executeRecursively$9(NodeTestTask.java:144)
	at org.junit.platform.engine.support.hierarchical.ThrowableCollector.execute(ThrowableCollector.java:73)
	at org.junit.platform.engine.support.hierarchical.NodeTestTask.executeRecursively(NodeTestTask.java:143)
	at org.junit.platform.engine.support.hierarchical.NodeTestTask.execute(NodeTestTask.java:100)
	at org.junit.platform.engine.support.hierarchical.SameThreadHierarchicalTestExecutorService.submit(SameThreadHierarchicalTestExecutorService.java:35)
	at org.junit.platform.engine.support.hierarchical.NodeTestTask$DefaultDynamicTestExecutor.execute(NodeTestTask.java:231)
	at org.junit.platform.engine.support.hierarchical.NodeTestTask$DefaultDynamicTestExecutor.execute(NodeTestTask.java:209)
	at java.base/java.util.Optional.ifPresent(Optional.java:178)
	at org.junit.jupiter.engine.descriptor.TestFactoryTestDescriptor.lambda$invokeTestMethod$1(TestFactoryTestDescriptor.java:108)
	at org.junit.platform.engine.support.hierarchical.ThrowableCollector.execute(ThrowableCollector.java:73)
	at org.junit.jupiter.engine.descriptor.TestFactoryTestDescriptor.invokeTestMethod(TestFactoryTestDescriptor.java:95)
	at org.junit.jupiter.engine.descriptor.TestMethodTestDescriptor.execute(TestMethodTestDescriptor.java:138)
	at org.junit.jupiter.engine.descriptor.TestMethodTestDescriptor.execute(TestMethodTestDescriptor.java:68)
	at org.junit.platform.engine.support.hierarchical.NodeTestTask.lambda$executeRecursively$6(NodeTestTask.java:156)
	at org.junit.platform.engine.support.hierarchical.ThrowableCollector.execute(ThrowableCollector.java:73)
	at org.junit.platform.engine.support.hierarchical.NodeTestTask.lambda$executeRecursively$8(NodeTestTask.java:146)
	at org.junit.platform.engine.support.hierarchical.Node.around(Node.java:137)
	at org.junit.platform.engine.support.hierarchical.NodeTestTask.lambda$executeRecursively$9(NodeTestTask.java:144)
	at org.junit.platform.engine.support.hierarchical.ThrowableCollector.execute(ThrowableCollector.java:73)
	at org.junit.platform.engine.support.hierarchical.NodeTestTask.executeRecursively(NodeTestTask.java:143)
	at org.junit.platform.engine.support.hierarchical.NodeTestTask.execute(NodeTestTask.java:100)
	at java.base/java.util.ArrayList.forEach(ArrayList.java:1604)
	at org.junit.platform.engine.support.hierarchical.SameThreadHierarchicalTestExecutorService.invokeAll(SameThreadHierarchicalTestExecutorService.java:41)
	at org.junit.platform.engine.support.hierarchical.NodeTestTask.lambda$executeRecursively$6(NodeTestTask.java:160)
	at org.junit.platform.engine.support.hierarchical.ThrowableCollector.execute(ThrowableCollector.java:73)
	at org.junit.platform.engine.support.hierarchical.NodeTestTask.lambda$executeRecursively$8(NodeTestTask.java:146)
	at org.junit.platform.engine.support.hierarchical.Node.around(Node.java:137)
	at org.junit.platform.engine.support.hierarchical.NodeTestTask.lambda$executeRecursively$9(NodeTestTask.java:144)
	at org.junit.platform.engine.support.hierarchical.ThrowableCollector.execute(ThrowableCollector.java:73)
	at org.junit.platform.engine.support.hierarchical.NodeTestTask.executeRecursively(NodeTestTask.java:143)
	at org.junit.platform.engine.support.hierarchical.NodeTestTask.execute(NodeTestTask.java:100)
	at java.base/java.util.ArrayList.forEach(ArrayList.java:1604)
	at org.junit.platform.engine.support.hierarchical.SameThreadHierarchicalTestExecutorService.invokeAll(SameThreadHierarchicalTestExecutorService.java:41)
	at org.junit.platform.engine.support.hierarchical.NodeTestTask.lambda$executeRecursively$6(NodeTestTask.java:160)
	at org.junit.platform.engine.support.hierarchical.ThrowableCollector.execute(ThrowableCollector.java:73)
	at org.junit.platform.engine.support.hierarchical.NodeTestTask.lambda$executeRecursively$8(NodeTestTask.java:146)
	at org.junit.platform.engine.support.hierarchical.Node.around(Node.java:137)
	at org.junit.platform.engine.support.hierarchical.NodeTestTask.lambda$executeRecursively$9(NodeTestTask.java:144)
	at org.junit.platform.engine.support.hierarchical.ThrowableCollector.execute(ThrowableCollector.java:73)
	at org.junit.platform.engine.support.hierarchical.NodeTestTask.executeRecursively(NodeTestTask.java:143)
	at org.junit.platform.engine.support.hierarchical.NodeTestTask.execute(NodeTestTask.java:100)
	at org.junit.platform.engine.support.hierarchical.SameThreadHierarchicalTestExecutorService.submit(SameThreadHierarchicalTestExecutorService.java:35)
	at org.junit.platform.engine.support.hierarchical.HierarchicalTestExecutor.execute(HierarchicalTestExecutor.java:57)
	at org.junit.platform.engine.support.hierarchical.HierarchicalTestEngine.execute(HierarchicalTestEngine.java:54)
	at org.junit.platform.launcher.core.EngineExecutionOrchestrator.execute(EngineExecutionOrchestrator.java:198)
	at org.junit.platform.launcher.core.EngineExecutionOrchestrator.execute(EngineExecutionOrchestrator.java:169)
	at org.junit.platform.launcher.core.EngineExecutionOrchestrator.execute(EngineExecutionOrchestrator.java:93)
	at org.junit.platform.launcher.core.EngineExecutionOrchestrator.lambda$execute$0(EngineExecutionOrchestrator.java:58)
	at org.junit.platform.launcher.core.EngineExecutionOrchestrator.withInterceptedStreams(EngineExecutionOrchestrator.java:141)
	at org.junit.platform.launcher.core.EngineExecutionOrchestrator.execute(EngineExecutionOrchestrator.java:57)
	at org.junit.platform.launcher.core.DefaultLauncher.execute(DefaultLauncher.java:103)
	at org.junit.platform.launcher.core.DefaultLauncher.execute(DefaultLauncher.java:85)
	at org.junit.platform.launcher.core.DelegatingLauncher.execute(DelegatingLauncher.java:47)
	at org.apache.maven.surefire.junitplatform.LazyLauncher.execute(LazyLauncher.java:50)
	at org.apache.maven.surefire.junitplatform.JUnitPlatformProvider.execute(JUnitPlatformProvider.java:184)
	at org.apache.maven.surefire.junitplatform.JUnitPlatformProvider.invokeAllTests(JUnitPlatformProvider.java:148)
	at org.apache.maven.surefire.junitplatform.JUnitPlatformProvider.invoke(JUnitPlatformProvider.java:122)
	at org.apache.maven.surefire.booter.ForkedBooter.runSuitesInProcess(ForkedBooter.java:385)
	at org.apache.maven.surefire.booter.ForkedBooter.execute(ForkedBooter.java:162)
	at org.apache.maven.surefire.booter.ForkedBooter.run(ForkedBooter.java:507)
	at org.apache.maven.surefire.booter.ForkedBooter.main(ForkedBooter.java:495)
09:23:28.500 [main] DEBUG io.netty.util.internal.CleanerJava25 -- java.nio.ByteBuffer.cleaner(): available
09:23:28.500 [main] DEBUG io.netty.util.internal.PlatformDependent -- -Dio.netty.noPreferDirect: false
09:23:28.501 [main] DEBUG io.netty.util.internal.PlatformDependent -- -Dio.netty.jfr.enabled: true
09:23:28.502 [main] DEBUG io.netty.util.internal.PlatformDependent -- java.lang.invoke.VarHandle: available
09:23:28.502 [main] DEBUG io.netty.util.internal.PlatformDependent -- -Dio.netty.varHandle.enabled: true
09:23:28.504 [main] DEBUG org.apache.http.client.protocol.RequestAddCookies -- CookieSpec selected: karate
09:23:28.504 [main] DEBUG org.apache.http.client.protocol.RequestAuthCache -- Auth cache not set in the context
09:23:28.504 [main] DEBUG com.intuit.karate -- request:
1 > POST http://localhost:3100/api/inventory/add
1 > Content-Type: application/json; charset=UTF-8
1 > Content-Length: 77
1 > Host: localhost:3100
1 > Connection: Keep-Alive
1 > User-Agent: Apache-HttpClient/4.5.14 (Java/25.0.2)
1 > Accept-Encoding: gzip,deflate
{"id":"1775053408481","name":"Hawaiian","price":"$14","image":"hawaiian.png"}

09:23:28.505 [main] DEBUG org.apache.http.impl.conn.PoolingHttpClientConnectionManager -- Connection request: [route: {}->http://localhost:3100][total available: 0; route allocated: 0 of 5; total allocated: 0 of 10]
09:23:28.505 [main] DEBUG org.apache.http.impl.conn.PoolingHttpClientConnectionManager -- Connection leased: [id: 2][route: {}->http://localhost:3100][total available: 0; route allocated: 1 of 5; total allocated: 1 of 10]
09:23:28.505 [main] DEBUG org.apache.http.impl.execchain.MainClientExec -- Opening connection {}->http://localhost:3100
09:23:28.505 [main] DEBUG org.apache.http.impl.conn.DefaultHttpClientConnectionOperator -- Connecting to localhost/127.0.0.1:3100
09:23:28.505 [main] DEBUG org.apache.http.impl.conn.DefaultHttpClientConnectionOperator -- Connection established 127.0.0.1:56558<->127.0.0.1:3100
09:23:28.505 [main] DEBUG org.apache.http.impl.conn.DefaultManagedHttpClientConnection -- http-outgoing-2: set socket timeout to 30000
09:23:28.505 [main] DEBUG org.apache.http.impl.execchain.MainClientExec -- Executing request POST /api/inventory/add HTTP/1.1
09:23:28.505 [main] DEBUG org.apache.http.impl.execchain.MainClientExec -- Target auth state: UNCHALLENGED
09:23:28.505 [main] DEBUG org.apache.http.impl.execchain.MainClientExec -- Proxy auth state: UNCHALLENGED
09:23:28.505 [main] DEBUG org.apache.http.headers -- http-outgoing-2 >> POST /api/inventory/add HTTP/1.1
09:23:28.505 [main] DEBUG org.apache.http.headers -- http-outgoing-2 >> Content-Type: application/json; charset=UTF-8
09:23:28.505 [main] DEBUG org.apache.http.headers -- http-outgoing-2 >> Content-Length: 77
09:23:28.505 [main] DEBUG org.apache.http.headers -- http-outgoing-2 >> Host: localhost:3100
09:23:28.505 [main] DEBUG org.apache.http.headers -- http-outgoing-2 >> Connection: Keep-Alive
09:23:28.505 [main] DEBUG org.apache.http.headers -- http-outgoing-2 >> User-Agent: Apache-HttpClient/4.5.14 (Java/25.0.2)
09:23:28.505 [main] DEBUG org.apache.http.headers -- http-outgoing-2 >> Accept-Encoding: gzip,deflate
09:23:28.506 [main] DEBUG org.apache.http.wire -- http-outgoing-2 >> "POST /api/inventory/add HTTP/1.1[\r][\n]"
09:23:28.506 [main] DEBUG org.apache.http.wire -- http-outgoing-2 >> "Content-Type: application/json; charset=UTF-8[\r][\n]"
09:23:28.506 [main] DEBUG org.apache.http.wire -- http-outgoing-2 >> "Content-Length: 77[\r][\n]"
09:23:28.506 [main] DEBUG org.apache.http.wire -- http-outgoing-2 >> "Host: localhost:3100[\r][\n]"
09:23:28.506 [main] DEBUG org.apache.http.wire -- http-outgoing-2 >> "Connection: Keep-Alive[\r][\n]"
09:23:28.506 [main] DEBUG org.apache.http.wire -- http-outgoing-2 >> "User-Agent: Apache-HttpClient/4.5.14 (Java/25.0.2)[\r][\n]"
09:23:28.506 [main] DEBUG org.apache.http.wire -- http-outgoing-2 >> "Accept-Encoding: gzip,deflate[\r][\n]"
09:23:28.506 [main] DEBUG org.apache.http.wire -- http-outgoing-2 >> "[\r][\n]"
09:23:28.506 [main] DEBUG org.apache.http.wire -- http-outgoing-2 >> "{"id":"1775053408481","name":"Hawaiian","price":"$14","image":"hawaiian.png"}"
09:23:28.509 [main] DEBUG org.apache.http.wire -- http-outgoing-2 << "HTTP/1.1 200 OK[\r][\n]"
09:23:28.509 [main] DEBUG org.apache.http.wire -- http-outgoing-2 << "X-Powered-By: Express[\r][\n]"
09:23:28.509 [main] DEBUG org.apache.http.wire -- http-outgoing-2 << "Content-Type: text/plain; charset=utf-8[\r][\n]"
09:23:28.509 [main] DEBUG org.apache.http.wire -- http-outgoing-2 << "Content-Length: 2[\r][\n]"
09:23:28.509 [main] DEBUG org.apache.http.wire -- http-outgoing-2 << "ETag: W/"2-nOO9QiTIwXgNtWtBJezz8kv3SLc"[\r][\n]"
09:23:28.509 [main] DEBUG org.apache.http.wire -- http-outgoing-2 << "Date: Wed, 01 Apr 2026 14:23:28 GMT[\r][\n]"
09:23:28.509 [main] DEBUG org.apache.http.wire -- http-outgoing-2 << "Connection: keep-alive[\r][\n]"
09:23:28.509 [main] DEBUG org.apache.http.wire -- http-outgoing-2 << "Keep-Alive: timeout=5[\r][\n]"
09:23:28.509 [main] DEBUG org.apache.http.wire -- http-outgoing-2 << "[\r][\n]"
09:23:28.509 [main] DEBUG org.apache.http.wire -- http-outgoing-2 << "OK"
09:23:28.509 [main] DEBUG org.apache.http.headers -- http-outgoing-2 << HTTP/1.1 200 OK
09:23:28.509 [main] DEBUG org.apache.http.headers -- http-outgoing-2 << X-Powered-By: Express
09:23:28.509 [main] DEBUG org.apache.http.headers -- http-outgoing-2 << Content-Type: text/plain; charset=utf-8
09:23:28.509 [main] DEBUG org.apache.http.headers -- http-outgoing-2 << Content-Length: 2
09:23:28.509 [main] DEBUG org.apache.http.headers -- http-outgoing-2 << ETag: W/"2-nOO9QiTIwXgNtWtBJezz8kv3SLc"
09:23:28.509 [main] DEBUG org.apache.http.headers -- http-outgoing-2 << Date: Wed, 01 Apr 2026 14:23:28 GMT
09:23:28.509 [main] DEBUG org.apache.http.headers -- http-outgoing-2 << Connection: keep-alive
09:23:28.509 [main] DEBUG org.apache.http.headers -- http-outgoing-2 << Keep-Alive: timeout=5
09:23:28.509 [main] DEBUG org.apache.http.impl.execchain.MainClientExec -- Connection can be kept alive for 5000 MILLISECONDS
09:23:28.509 [main] DEBUG org.apache.http.impl.conn.PoolingHttpClientConnectionManager -- Connection [id: 2][route: {}->http://localhost:3100] can be kept alive for 5.0 seconds
09:23:28.510 [main] DEBUG org.apache.http.impl.conn.DefaultManagedHttpClientConnection -- http-outgoing-2: set socket timeout to 0
09:23:28.510 [main] DEBUG org.apache.http.impl.conn.PoolingHttpClientConnectionManager -- Connection released: [id: 2][route: {}->http://localhost:3100][total available: 1; route allocated: 1 of 5; total allocated: 1 of 10]
09:23:28.510 [main] DEBUG org.apache.http.impl.conn.PoolingHttpClientConnectionManager -- Connection manager is shutting down
09:23:28.510 [main] DEBUG org.apache.http.impl.conn.DefaultManagedHttpClientConnection -- http-outgoing-2: Close connection
09:23:28.510 [main] DEBUG org.apache.http.impl.conn.PoolingHttpClientConnectionManager -- Connection manager shut down
09:23:28.510 [main] DEBUG com.intuit.karate -- response time in milliseconds: 6
1 < 200
1 < X-Powered-By: Express
1 < Content-Type: text/plain; charset=utf-8
1 < Content-Length: 2
1 < ETag: W/"2-nOO9QiTIwXgNtWtBJezz8kv3SLc"
1 < Date: Wed, 01 Apr 2026 14:23:28 GMT
1 < Connection: keep-alive
1 < Keep-Alive: timeout=5
OK

]]></system-out>
  </testcase>
  <testcase name="[4:35] Add duplicate inventory item" classname="features/inventory" time="0.016">
    <system-out><![CDATA[09:23:28.515 [main] DEBUG com.jayway.jsonpath.internal.path.CompiledPath -- Evaluating path: $
09:23:28.516 [main] DEBUG org.apache.http.client.protocol.RequestAddCookies -- CookieSpec selected: karate
09:23:28.516 [main] DEBUG org.apache.http.client.protocol.RequestAuthCache -- Auth cache not set in the context
09:23:28.516 [main] DEBUG com.intuit.karate -- request:
1 > POST http://localhost:3100/api/inventory/add
1 > Content-Type: application/json; charset=UTF-8
1 > Content-Length: 77
1 > Host: localhost:3100
1 > Connection: Keep-Alive
1 > User-Agent: Apache-HttpClient/4.5.14 (Java/25.0.2)
1 > Accept-Encoding: gzip,deflate
{"id":"1775053408515","name":"Hawaiian","price":"$14","image":"hawaiian.png"}

09:23:28.516 [main] DEBUG org.apache.http.impl.conn.PoolingHttpClientConnectionManager -- Connection request: [route: {}->http://localhost:3100][total available: 0; route allocated: 0 of 5; total allocated: 0 of 10]
09:23:28.516 [main] DEBUG org.apache.http.impl.conn.PoolingHttpClientConnectionManager -- Connection leased: [id: 3][route: {}->http://localhost:3100][total available: 0; route allocated: 1 of 5; total allocated: 1 of 10]
09:23:28.516 [main] DEBUG org.apache.http.impl.execchain.MainClientExec -- Opening connection {}->http://localhost:3100
09:23:28.517 [main] DEBUG org.apache.http.impl.conn.DefaultHttpClientConnectionOperator -- Connecting to localhost/127.0.0.1:3100
09:23:28.517 [main] DEBUG org.apache.http.impl.conn.DefaultHttpClientConnectionOperator -- Connection established 127.0.0.1:56559<->127.0.0.1:3100
09:23:28.517 [main] DEBUG org.apache.http.impl.conn.DefaultManagedHttpClientConnection -- http-outgoing-3: set socket timeout to 30000
09:23:28.517 [main] DEBUG org.apache.http.impl.execchain.MainClientExec -- Executing request POST /api/inventory/add HTTP/1.1
09:23:28.517 [main] DEBUG org.apache.http.impl.execchain.MainClientExec -- Target auth state: UNCHALLENGED
09:23:28.517 [main] DEBUG org.apache.http.impl.execchain.MainClientExec -- Proxy auth state: UNCHALLENGED
09:23:28.517 [main] DEBUG org.apache.http.headers -- http-outgoing-3 >> POST /api/inventory/add HTTP/1.1
09:23:28.517 [main] DEBUG org.apache.http.headers -- http-outgoing-3 >> Content-Type: application/json; charset=UTF-8
09:23:28.517 [main] DEBUG org.apache.http.headers -- http-outgoing-3 >> Content-Length: 77
09:23:28.517 [main] DEBUG org.apache.http.headers -- http-outgoing-3 >> Host: localhost:3100
09:23:28.517 [main] DEBUG org.apache.http.headers -- http-outgoing-3 >> Connection: Keep-Alive
09:23:28.517 [main] DEBUG org.apache.http.headers -- http-outgoing-3 >> User-Agent: Apache-HttpClient/4.5.14 (Java/25.0.2)
09:23:28.517 [main] DEBUG org.apache.http.headers -- http-outgoing-3 >> Accept-Encoding: gzip,deflate
09:23:28.517 [main] DEBUG org.apache.http.wire -- http-outgoing-3 >> "POST /api/inventory/add HTTP/1.1[\r][\n]"
09:23:28.517 [main] DEBUG org.apache.http.wire -- http-outgoing-3 >> "Content-Type: application/json; charset=UTF-8[\r][\n]"
09:23:28.517 [main] DEBUG org.apache.http.wire -- http-outgoing-3 >> "Content-Length: 77[\r][\n]"
09:23:28.517 [main] DEBUG org.apache.http.wire -- http-outgoing-3 >> "Host: localhost:3100[\r][\n]"
09:23:28.517 [main] DEBUG org.apache.http.wire -- http-outgoing-3 >> "Connection: Keep-Alive[\r][\n]"
09:23:28.517 [main] DEBUG org.apache.http.wire -- http-outgoing-3 >> "User-Agent: Apache-HttpClient/4.5.14 (Java/25.0.2)[\r][\n]"
09:23:28.517 [main] DEBUG org.apache.http.wire -- http-outgoing-3 >> "Accept-Encoding: gzip,deflate[\r][\n]"
09:23:28.517 [main] DEBUG org.apache.http.wire -- http-outgoing-3 >> "[\r][\n]"
09:23:28.517 [main] DEBUG org.apache.http.wire -- http-outgoing-3 >> "{"id":"1775053408515","name":"Hawaiian","price":"$14","image":"hawaiian.png"}"
09:23:28.520 [main] DEBUG org.apache.http.wire -- http-outgoing-3 << "HTTP/1.1 200 OK[\r][\n]"
09:23:28.520 [main] DEBUG org.apache.http.wire -- http-outgoing-3 << "X-Powered-By: Express[\r][\n]"
09:23:28.520 [main] DEBUG org.apache.http.wire -- http-outgoing-3 << "Content-Type: text/plain; charset=utf-8[\r][\n]"
09:23:28.520 [main] DEBUG org.apache.http.wire -- http-outgoing-3 << "Content-Length: 2[\r][\n]"
09:23:28.520 [main] DEBUG org.apache.http.wire -- http-outgoing-3 << "ETag: W/"2-nOO9QiTIwXgNtWtBJezz8kv3SLc"[\r][\n]"
09:23:28.520 [main] DEBUG org.apache.http.wire -- http-outgoing-3 << "Date: Wed, 01 Apr 2026 14:23:28 GMT[\r][\n]"
09:23:28.520 [main] DEBUG org.apache.http.wire -- http-outgoing-3 << "Connection: keep-alive[\r][\n]"
09:23:28.520 [main] DEBUG org.apache.http.wire -- http-outgoing-3 << "Keep-Alive: timeout=5[\r][\n]"
09:23:28.520 [main] DEBUG org.apache.http.wire -- http-outgoing-3 << "[\r][\n]"
09:23:28.520 [main] DEBUG org.apache.http.wire -- http-outgoing-3 << "OK"
09:23:28.520 [main] DEBUG org.apache.http.headers -- http-outgoing-3 << HTTP/1.1 200 OK
09:23:28.520 [main] DEBUG org.apache.http.headers -- http-outgoing-3 << X-Powered-By: Express
09:23:28.520 [main] DEBUG org.apache.http.headers -- http-outgoing-3 << Content-Type: text/plain; charset=utf-8
09:23:28.520 [main] DEBUG org.apache.http.headers -- http-outgoing-3 << Content-Length: 2
09:23:28.520 [main] DEBUG org.apache.http.headers -- http-outgoing-3 << ETag: W/"2-nOO9QiTIwXgNtWtBJezz8kv3SLc"
09:23:28.520 [main] DEBUG org.apache.http.headers -- http-outgoing-3 << Date: Wed, 01 Apr 2026 14:23:28 GMT
09:23:28.520 [main] DEBUG org.apache.http.headers -- http-outgoing-3 << Connection: keep-alive
09:23:28.520 [main] DEBUG org.apache.http.headers -- http-outgoing-3 << Keep-Alive: timeout=5
09:23:28.520 [main] DEBUG org.apache.http.impl.execchain.MainClientExec -- Connection can be kept alive for 5000 MILLISECONDS
09:23:28.521 [main] DEBUG org.apache.http.impl.conn.PoolingHttpClientConnectionManager -- Connection [id: 3][route: {}->http://localhost:3100] can be kept alive for 5.0 seconds
09:23:28.521 [main] DEBUG org.apache.http.impl.conn.DefaultManagedHttpClientConnection -- http-outgoing-3: set socket timeout to 0
09:23:28.521 [main] DEBUG org.apache.http.impl.conn.PoolingHttpClientConnectionManager -- Connection released: [id: 3][route: {}->http://localhost:3100][total available: 1; route allocated: 1 of 5; total allocated: 1 of 10]
09:23:28.521 [main] DEBUG org.apache.http.impl.conn.PoolingHttpClientConnectionManager -- Connection manager is shutting down
09:23:28.521 [main] DEBUG org.apache.http.impl.conn.DefaultManagedHttpClientConnection -- http-outgoing-3: Close connection
09:23:28.521 [main] DEBUG org.apache.http.impl.conn.PoolingHttpClientConnectionManager -- Connection manager shut down
09:23:28.521 [main] DEBUG com.intuit.karate -- response time in milliseconds: 5
1 < 200
1 < X-Powered-By: Express
1 < Content-Type: text/plain; charset=utf-8
1 < Content-Length: 2
1 < ETag: W/"2-nOO9QiTIwXgNtWtBJezz8kv3SLc"
1 < Date: Wed, 01 Apr 2026 14:23:28 GMT
1 < Connection: keep-alive
1 < Keep-Alive: timeout=5
OK

09:23:28.523 [main] DEBUG org.apache.http.client.protocol.RequestAddCookies -- CookieSpec selected: karate
09:23:28.523 [main] DEBUG org.apache.http.client.protocol.RequestAuthCache -- Auth cache not set in the context
09:23:28.523 [main] DEBUG com.intuit.karate -- request:
2 > POST http://localhost:3100/api/inventory/add
2 > Content-Type: application/json; charset=UTF-8
2 > Content-Length: 77
2 > Host: localhost:3100
2 > Connection: Keep-Alive
2 > User-Agent: Apache-HttpClient/4.5.14 (Java/25.0.2)
2 > Accept-Encoding: gzip,deflate
{"id":"1775053408515","name":"Hawaiian","price":"$14","image":"hawaiian.png"}

09:23:28.523 [main] DEBUG org.apache.http.impl.conn.PoolingHttpClientConnectionManager -- Connection request: [route: {}->http://localhost:3100][total available: 0; route allocated: 0 of 5; total allocated: 0 of 10]
09:23:28.523 [main] DEBUG org.apache.http.impl.conn.PoolingHttpClientConnectionManager -- Connection leased: [id: 4][route: {}->http://localhost:3100][total available: 0; route allocated: 1 of 5; total allocated: 1 of 10]
09:23:28.523 [main] DEBUG org.apache.http.impl.execchain.MainClientExec -- Opening connection {}->http://localhost:3100
09:23:28.524 [main] DEBUG org.apache.http.impl.conn.DefaultHttpClientConnectionOperator -- Connecting to localhost/127.0.0.1:3100
09:23:28.524 [main] DEBUG org.apache.http.impl.conn.DefaultHttpClientConnectionOperator -- Connection established 127.0.0.1:56560<->127.0.0.1:3100
09:23:28.524 [main] DEBUG org.apache.http.impl.conn.DefaultManagedHttpClientConnection -- http-outgoing-4: set socket timeout to 30000
09:23:28.524 [main] DEBUG org.apache.http.impl.execchain.MainClientExec -- Executing request POST /api/inventory/add HTTP/1.1
09:23:28.524 [main] DEBUG org.apache.http.impl.execchain.MainClientExec -- Target auth state: UNCHALLENGED
09:23:28.524 [main] DEBUG org.apache.http.impl.execchain.MainClientExec -- Proxy auth state: UNCHALLENGED
09:23:28.524 [main] DEBUG org.apache.http.headers -- http-outgoing-4 >> POST /api/inventory/add HTTP/1.1
09:23:28.524 [main] DEBUG org.apache.http.headers -- http-outgoing-4 >> Content-Type: application/json; charset=UTF-8
09:23:28.524 [main] DEBUG org.apache.http.headers -- http-outgoing-4 >> Content-Length: 77
09:23:28.524 [main] DEBUG org.apache.http.headers -- http-outgoing-4 >> Host: localhost:3100
09:23:28.524 [main] DEBUG org.apache.http.headers -- http-outgoing-4 >> Connection: Keep-Alive
09:23:28.524 [main] DEBUG org.apache.http.headers -- http-outgoing-4 >> User-Agent: Apache-HttpClient/4.5.14 (Java/25.0.2)
09:23:28.524 [main] DEBUG org.apache.http.headers -- http-outgoing-4 >> Accept-Encoding: gzip,deflate
09:23:28.524 [main] DEBUG org.apache.http.wire -- http-outgoing-4 >> "POST /api/inventory/add HTTP/1.1[\r][\n]"
09:23:28.524 [main] DEBUG org.apache.http.wire -- http-outgoing-4 >> "Content-Type: application/json; charset=UTF-8[\r][\n]"
09:23:28.524 [main] DEBUG org.apache.http.wire -- http-outgoing-4 >> "Content-Length: 77[\r][\n]"
09:23:28.524 [main] DEBUG org.apache.http.wire -- http-outgoing-4 >> "Host: localhost:3100[\r][\n]"
09:23:28.524 [main] DEBUG org.apache.http.wire -- http-outgoing-4 >> "Connection: Keep-Alive[\r][\n]"
09:23:28.524 [main] DEBUG org.apache.http.wire -- http-outgoing-4 >> "User-Agent: Apache-HttpClient/4.5.14 (Java/25.0.2)[\r][\n]"
09:23:28.524 [main] DEBUG org.apache.http.wire -- http-outgoing-4 >> "Accept-Encoding: gzip,deflate[\r][\n]"
09:23:28.524 [main] DEBUG org.apache.http.wire -- http-outgoing-4 >> "[\r][\n]"
09:23:28.524 [main] DEBUG org.apache.http.wire -- http-outgoing-4 >> "{"id":"1775053408515","name":"Hawaiian","price":"$14","image":"hawaiian.png"}"
09:23:28.525 [main] DEBUG org.apache.http.wire -- http-outgoing-4 << "HTTP/1.1 400 Bad Request[\r][\n]"
09:23:28.525 [main] DEBUG org.apache.http.wire -- http-outgoing-4 << "X-Powered-By: Express[\r][\n]"
09:23:28.525 [main] DEBUG org.apache.http.wire -- http-outgoing-4 << "Content-Type: text/plain; charset=utf-8[\r][\n]"
09:23:28.525 [main] DEBUG org.apache.http.wire -- http-outgoing-4 << "Content-Length: 11[\r][\n]"
09:23:28.525 [main] DEBUG org.apache.http.wire -- http-outgoing-4 << "ETag: W/"b-EFiDB1U+dmqzx9Mo2UjcZ1SJPO8"[\r][\n]"
09:23:28.525 [main] DEBUG org.apache.http.wire -- http-outgoing-4 << "Date: Wed, 01 Apr 2026 14:23:28 GMT[\r][\n]"
09:23:28.525 [main] DEBUG org.apache.http.wire -- http-outgoing-4 << "Connection: keep-alive[\r][\n]"
09:23:28.525 [main] DEBUG org.apache.http.wire -- http-outgoing-4 << "Keep-Alive: timeout=5[\r][\n]"
09:23:28.525 [main] DEBUG org.apache.http.wire -- http-outgoing-4 << "[\r][\n]"
09:23:28.525 [main] DEBUG org.apache.http.wire -- http-outgoing-4 << "Bad Request"
09:23:28.525 [main] DEBUG org.apache.http.headers -- http-outgoing-4 << HTTP/1.1 400 Bad Request
09:23:28.525 [main] DEBUG org.apache.http.headers -- http-outgoing-4 << X-Powered-By: Express
09:23:28.525 [main] DEBUG org.apache.http.headers -- http-outgoing-4 << Content-Type: text/plain; charset=utf-8
09:23:28.525 [main] DEBUG org.apache.http.headers -- http-outgoing-4 << Content-Length: 11
09:23:28.525 [main] DEBUG org.apache.http.headers -- http-outgoing-4 << ETag: W/"b-EFiDB1U+dmqzx9Mo2UjcZ1SJPO8"
09:23:28.525 [main] DEBUG org.apache.http.headers -- http-outgoing-4 << Date: Wed, 01 Apr 2026 14:23:28 GMT
09:23:28.525 [main] DEBUG org.apache.http.headers -- http-outgoing-4 << Connection: keep-alive
09:23:28.525 [main] DEBUG org.apache.http.headers -- http-outgoing-4 << Keep-Alive: timeout=5
09:23:28.525 [main] DEBUG org.apache.http.impl.execchain.MainClientExec -- Connection can be kept alive for 5000 MILLISECONDS
09:23:28.526 [main] DEBUG org.apache.http.impl.conn.PoolingHttpClientConnectionManager -- Connection [id: 4][route: {}->http://localhost:3100] can be kept alive for 5.0 seconds
09:23:28.526 [main] DEBUG org.apache.http.impl.conn.DefaultManagedHttpClientConnection -- http-outgoing-4: set socket timeout to 0
09:23:28.526 [main] DEBUG org.apache.http.impl.conn.PoolingHttpClientConnectionManager -- Connection released: [id: 4][route: {}->http://localhost:3100][total available: 1; route allocated: 1 of 5; total allocated: 1 of 10]
09:23:28.526 [main] DEBUG org.apache.http.impl.conn.PoolingHttpClientConnectionManager -- Connection manager is shutting down
09:23:28.526 [main] DEBUG org.apache.http.impl.conn.DefaultManagedHttpClientConnection -- http-outgoing-4: Close connection
09:23:28.526 [main] DEBUG org.apache.http.impl.conn.PoolingHttpClientConnectionManager -- Connection manager shut down
09:23:28.526 [main] DEBUG com.intuit.karate -- response time in milliseconds: 3
2 < 400
2 < X-Powered-By: Express
2 < Content-Type: text/plain; charset=utf-8
2 < Content-Length: 11
2 < ETag: W/"b-EFiDB1U+dmqzx9Mo2UjcZ1SJPO8"
2 < Date: Wed, 01 Apr 2026 14:23:28 GMT
2 < Connection: keep-alive
2 < Keep-Alive: timeout=5
Bad Request

]]></system-out>
  </testcase>
  <testcase name="[5:45] Add item with missing data" classname="features/inventory" time="0.012">
    <system-out><![CDATA[09:23:28.531 [main] DEBUG com.jayway.jsonpath.internal.path.CompiledPath -- Evaluating path: $
09:23:28.532 [main] DEBUG com.jayway.jsonpath.internal.path.CompiledPath -- Evaluating path: $
09:23:28.533 [main] DEBUG org.apache.http.client.protocol.RequestAddCookies -- CookieSpec selected: karate
09:23:28.533 [main] DEBUG org.apache.http.client.protocol.RequestAuthCache -- Auth cache not set in the context
09:23:28.533 [main] DEBUG com.intuit.karate -- request:
1 > POST http://localhost:3100/api/inventory/add
1 > Content-Type: application/json; charset=UTF-8
1 > Content-Length: 33
1 > Host: localhost:3100
1 > Connection: Keep-Alive
1 > User-Agent: Apache-HttpClient/4.5.14 (Java/25.0.2)
1 > Accept-Encoding: gzip,deflate
{"name":"Hawaiian","price":"$14"}

09:23:28.533 [main] DEBUG org.apache.http.impl.conn.PoolingHttpClientConnectionManager -- Connection request: [route: {}->http://localhost:3100][total available: 0; route allocated: 0 of 5; total allocated: 0 of 10]
09:23:28.533 [main] DEBUG org.apache.http.impl.conn.PoolingHttpClientConnectionManager -- Connection leased: [id: 5][route: {}->http://localhost:3100][total available: 0; route allocated: 1 of 5; total allocated: 1 of 10]
09:23:28.533 [main] DEBUG org.apache.http.impl.execchain.MainClientExec -- Opening connection {}->http://localhost:3100
09:23:28.533 [main] DEBUG org.apache.http.impl.conn.DefaultHttpClientConnectionOperator -- Connecting to localhost/127.0.0.1:3100
09:23:28.533 [main] DEBUG org.apache.http.impl.conn.DefaultHttpClientConnectionOperator -- Connection established 127.0.0.1:56561<->127.0.0.1:3100
09:23:28.533 [main] DEBUG org.apache.http.impl.conn.DefaultManagedHttpClientConnection -- http-outgoing-5: set socket timeout to 30000
09:23:28.533 [main] DEBUG org.apache.http.impl.execchain.MainClientExec -- Executing request POST /api/inventory/add HTTP/1.1
09:23:28.533 [main] DEBUG org.apache.http.impl.execchain.MainClientExec -- Target auth state: UNCHALLENGED
09:23:28.533 [main] DEBUG org.apache.http.impl.execchain.MainClientExec -- Proxy auth state: UNCHALLENGED
09:23:28.534 [main] DEBUG org.apache.http.headers -- http-outgoing-5 >> POST /api/inventory/add HTTP/1.1
09:23:28.534 [main] DEBUG org.apache.http.headers -- http-outgoing-5 >> Content-Type: application/json; charset=UTF-8
09:23:28.534 [main] DEBUG org.apache.http.headers -- http-outgoing-5 >> Content-Length: 33
09:23:28.534 [main] DEBUG org.apache.http.headers -- http-outgoing-5 >> Host: localhost:3100
09:23:28.534 [main] DEBUG org.apache.http.headers -- http-outgoing-5 >> Connection: Keep-Alive
09:23:28.534 [main] DEBUG org.apache.http.headers -- http-outgoing-5 >> User-Agent: Apache-HttpClient/4.5.14 (Java/25.0.2)
09:23:28.534 [main] DEBUG org.apache.http.headers -- http-outgoing-5 >> Accept-Encoding: gzip,deflate
09:23:28.534 [main] DEBUG org.apache.http.wire -- http-outgoing-5 >> "POST /api/inventory/add HTTP/1.1[\r][\n]"
09:23:28.534 [main] DEBUG org.apache.http.wire -- http-outgoing-5 >> "Content-Type: application/json; charset=UTF-8[\r][\n]"
09:23:28.534 [main] DEBUG org.apache.http.wire -- http-outgoing-5 >> "Content-Length: 33[\r][\n]"
09:23:28.534 [main] DEBUG org.apache.http.wire -- http-outgoing-5 >> "Host: localhost:3100[\r][\n]"
09:23:28.534 [main] DEBUG org.apache.http.wire -- http-outgoing-5 >> "Connection: Keep-Alive[\r][\n]"
09:23:28.534 [main] DEBUG org.apache.http.wire -- http-outgoing-5 >> "User-Agent: Apache-HttpClient/4.5.14 (Java/25.0.2)[\r][\n]"
09:23:28.534 [main] DEBUG org.apache.http.wire -- http-outgoing-5 >> "Accept-Encoding: gzip,deflate[\r][\n]"
09:23:28.534 [main] DEBUG org.apache.http.wire -- http-outgoing-5 >> "[\r][\n]"
09:23:28.534 [main] DEBUG org.apache.http.wire -- http-outgoing-5 >> "{"name":"Hawaiian","price":"$14"}"
09:23:28.537 [main] DEBUG org.apache.http.wire -- http-outgoing-5 << "HTTP/1.1 400 Bad Request[\r][\n]"
09:23:28.537 [main] DEBUG org.apache.http.wire -- http-outgoing-5 << "X-Powered-By: Express[\r][\n]"
09:23:28.537 [main] DEBUG org.apache.http.wire -- http-outgoing-5 << "Content-Type: text/html; charset=utf-8[\r][\n]"
09:23:28.537 [main] DEBUG org.apache.http.wire -- http-outgoing-5 << "Content-Length: 28[\r][\n]"
09:23:28.537 [main] DEBUG org.apache.http.wire -- http-outgoing-5 << "ETag: W/"1c-k7jAXLdqgoyddFLKVx/smZcPhI0"[\r][\n]"
09:23:28.537 [main] DEBUG org.apache.http.wire -- http-outgoing-5 << "Date: Wed, 01 Apr 2026 14:23:28 GMT[\r][\n]"
09:23:28.537 [main] DEBUG org.apache.http.wire -- http-outgoing-5 << "Connection: keep-alive[\r][\n]"
09:23:28.537 [main] DEBUG org.apache.http.wire -- http-outgoing-5 << "Keep-Alive: timeout=5[\r][\n]"
09:23:28.537 [main] DEBUG org.apache.http.wire -- http-outgoing-5 << "[\r][\n]"
09:23:28.537 [main] DEBUG org.apache.http.wire -- http-outgoing-5 << "Not all requirements are met"
09:23:28.537 [main] DEBUG org.apache.http.headers -- http-outgoing-5 << HTTP/1.1 400 Bad Request
09:23:28.537 [main] DEBUG org.apache.http.headers -- http-outgoing-5 << X-Powered-By: Express
09:23:28.537 [main] DEBUG org.apache.http.headers -- http-outgoing-5 << Content-Type: text/html; charset=utf-8
09:23:28.537 [main] DEBUG org.apache.http.headers -- http-outgoing-5 << Content-Length: 28
09:23:28.537 [main] DEBUG org.apache.http.headers -- http-outgoing-5 << ETag: W/"1c-k7jAXLdqgoyddFLKVx/smZcPhI0"
09:23:28.537 [main] DEBUG org.apache.http.headers -- http-outgoing-5 << Date: Wed, 01 Apr 2026 14:23:28 GMT
09:23:28.537 [main] DEBUG org.apache.http.headers -- http-outgoing-5 << Connection: keep-alive
09:23:28.537 [main] DEBUG org.apache.http.headers -- http-outgoing-5 << Keep-Alive: timeout=5
09:23:28.537 [main] DEBUG org.apache.http.impl.execchain.MainClientExec -- Connection can be kept alive for 5000 MILLISECONDS
09:23:28.537 [main] DEBUG org.apache.http.impl.conn.PoolingHttpClientConnectionManager -- Connection [id: 5][route: {}->http://localhost:3100] can be kept alive for 5.0 seconds
09:23:28.537 [main] DEBUG org.apache.http.impl.conn.DefaultManagedHttpClientConnection -- http-outgoing-5: set socket timeout to 0
09:23:28.537 [main] DEBUG org.apache.http.impl.conn.PoolingHttpClientConnectionManager -- Connection released: [id: 5][route: {}->http://localhost:3100][total available: 1; route allocated: 1 of 5; total allocated: 1 of 10]
09:23:28.537 [main] DEBUG org.apache.http.impl.conn.PoolingHttpClientConnectionManager -- Connection manager is shutting down
09:23:28.537 [main] DEBUG org.apache.http.impl.conn.DefaultManagedHttpClientConnection -- http-outgoing-5: Close connection
09:23:28.537 [main] DEBUG org.apache.http.impl.conn.PoolingHttpClientConnectionManager -- Connection manager shut down
09:23:28.538 [main] DEBUG com.intuit.karate -- response time in milliseconds: 4
1 < 400
1 < X-Powered-By: Express
1 < Content-Type: text/html; charset=utf-8
1 < Content-Length: 28
1 < ETag: W/"1c-k7jAXLdqgoyddFLKVx/smZcPhI0"
1 < Date: Wed, 01 Apr 2026 14:23:28 GMT
1 < Connection: keep-alive
1 < Keep-Alive: timeout=5
Not all requirements are met

]]></system-out>
  </testcase>
  <testcase name="[6:54] Verify new item in inventory" classname="features/inventory" time="0.404">
    <system-out><![CDATA[09:23:28.542 [main] DEBUG com.jayway.jsonpath.internal.path.CompiledPath -- Evaluating path: $
09:23:28.543 [main] DEBUG org.apache.http.client.protocol.RequestAddCookies -- CookieSpec selected: karate
09:23:28.543 [main] DEBUG org.apache.http.client.protocol.RequestAuthCache -- Auth cache not set in the context
09:23:28.543 [main] DEBUG com.intuit.karate -- request:
1 > GET http://localhost:3100/api/inventory
1 > Host: localhost:3100
1 > Connection: Keep-Alive
1 > User-Agent: Apache-HttpClient/4.5.14 (Java/25.0.2)
1 > Accept-Encoding: gzip,deflate


09:23:28.543 [main] DEBUG org.apache.http.impl.conn.PoolingHttpClientConnectionManager -- Connection request: [route: {}->http://localhost:3100][total available: 0; route allocated: 0 of 5; total allocated: 0 of 10]
09:23:28.544 [main] DEBUG org.apache.http.impl.conn.PoolingHttpClientConnectionManager -- Connection leased: [id: 6][route: {}->http://localhost:3100][total available: 0; route allocated: 1 of 5; total allocated: 1 of 10]
09:23:28.544 [main] DEBUG org.apache.http.impl.execchain.MainClientExec -- Opening connection {}->http://localhost:3100
09:23:28.544 [main] DEBUG org.apache.http.impl.conn.DefaultHttpClientConnectionOperator -- Connecting to localhost/127.0.0.1:3100
09:23:28.544 [main] DEBUG org.apache.http.impl.conn.DefaultHttpClientConnectionOperator -- Connection established 127.0.0.1:56562<->127.0.0.1:3100
09:23:28.544 [main] DEBUG org.apache.http.impl.conn.DefaultManagedHttpClientConnection -- http-outgoing-6: set socket timeout to 30000
09:23:28.544 [main] DEBUG org.apache.http.impl.execchain.MainClientExec -- Executing request GET /api/inventory HTTP/1.1
09:23:28.544 [main] DEBUG org.apache.http.impl.execchain.MainClientExec -- Target auth state: UNCHALLENGED
09:23:28.544 [main] DEBUG org.apache.http.impl.execchain.MainClientExec -- Proxy auth state: UNCHALLENGED
09:23:28.544 [main] DEBUG org.apache.http.headers -- http-outgoing-6 >> GET /api/inventory HTTP/1.1
09:23:28.544 [main] DEBUG org.apache.http.headers -- http-outgoing-6 >> Host: localhost:3100
09:23:28.544 [main] DEBUG org.apache.http.headers -- http-outgoing-6 >> Connection: Keep-Alive
09:23:28.544 [main] DEBUG org.apache.http.headers -- http-outgoing-6 >> User-Agent: Apache-HttpClient/4.5.14 (Java/25.0.2)
09:23:28.544 [main] DEBUG org.apache.http.headers -- http-outgoing-6 >> Accept-Encoding: gzip,deflate
09:23:28.544 [main] DEBUG org.apache.http.wire -- http-outgoing-6 >> "GET /api/inventory HTTP/1.1[\r][\n]"
09:23:28.544 [main] DEBUG org.apache.http.wire -- http-outgoing-6 >> "Host: localhost:3100[\r][\n]"
09:23:28.544 [main] DEBUG org.apache.http.wire -- http-outgoing-6 >> "Connection: Keep-Alive[\r][\n]"
09:23:28.544 [main] DEBUG org.apache.http.wire -- http-outgoing-6 >> "User-Agent: Apache-HttpClient/4.5.14 (Java/25.0.2)[\r][\n]"
09:23:28.544 [main] DEBUG org.apache.http.wire -- http-outgoing-6 >> "Accept-Encoding: gzip,deflate[\r][\n]"
09:23:28.544 [main] DEBUG org.apache.http.wire -- http-outgoing-6 >> "[\r][\n]"
09:23:28.547 [main] DEBUG org.apache.http.wire -- http-outgoing-6 << "HTTP/1.1 200 OK[\r][\n]"
09:23:28.547 [main] DEBUG org.apache.http.wire -- http-outgoing-6 << "X-Powered-By: Express[\r][\n]"
09:23:28.547 [main] DEBUG org.apache.http.wire -- http-outgoing-6 << "Content-Type: application/json; charset=utf-8[\r][\n]"
09:23:28.547 [main] DEBUG org.apache.http.wire -- http-outgoing-6 << "Content-Length: 1622[\r][\n]"
09:23:28.547 [main] DEBUG org.apache.http.wire -- http-outgoing-6 << "ETag: W/"656-lmgBHy/ffzX/CXoVYK7mLZpBn+8"[\r][\n]"
09:23:28.547 [main] DEBUG org.apache.http.wire -- http-outgoing-6 << "Date: Wed, 01 Apr 2026 14:23:28 GMT[\r][\n]"
09:23:28.547 [main] DEBUG org.apache.http.wire -- http-outgoing-6 << "Connection: keep-alive[\r][\n]"
09:23:28.547 [main] DEBUG org.apache.http.wire -- http-outgoing-6 << "Keep-Alive: timeout=5[\r][\n]"
09:23:28.547 [main] DEBUG org.apache.http.wire -- http-outgoing-6 << "[\r][\n]"
09:23:28.547 [main] DEBUG org.apache.http.wire -- http-outgoing-6 << "{"data":[{"id":"1","name":"Classic Muzzarella","image":"classic.png","price":"$8"},{"id":"2","name":"Crispy Bacon","image":"bacon.png","price":"$9"},{"id":"3","name":"Baked Rolls x 8","image":"roll.png","price":"$10"},{"id":"4","name":"Garlic Mix","image":"garlicmix.png","price":"$9"},{"id":"5","name":"Margarita","image":"margarita.png","price":"$9"},{"id":"6","name":"Veggie","image":"veggie.png","price":"$8"},{"id":"7","name":"Super Pepperoni","image":"extrapeperoni.png","price":"$10"},{"id":"8","name":"Evergreen Cream","image":"evergreen.png","price":"$9"},{"id":"9","name":"Muzzarella BBQ","image":"bbqcheese.png","price":"$9"},{"id":"10","name":"Hawaiian","image":"hawaiian.png","price":"$14"},{"id":"newId","name":"Hawaiian","image":"hawaiian.png","price":"$14"},{"id":"11","name":"Hawaiian","image":"hawaiian.png","price":"$14"},{"id":"1774989498551","name":"Hawaiian","image":"hawaiian.png","price":"$14"},{"id":"1774989498592","name":"Hawaiian","image":"hawaiian.png","price":"$14"},{"id":"1775053187593","name":"Hawaiian","image":"hawaiian.png","price":"$14"},{"id":"1775053187628","name":"Hawaiian","image":"hawaiian.png","price":"$14"},{"id":"1775053214668","name":"Hawaiian","image":"hawaiian.png","price":"$14"},{"id":"1775053214707","name":"Hawaiian","image":"hawaiian.png","price":"$14"},{"id":"1775053349133","name":"Hawaiian","image":"hawaiian.png","price":"$14"},{"id":"1775053349167","name":"Hawaiian","image":"hawaiian.png","price":"$14"},{"id":"1775053408481","name":"Hawaiian","image":"hawaiian.png","price":"$14"},{"id":"1775053408515","name":"Hawaiian","image":"hawaiian.png","price":"$14"}]}"
09:23:28.547 [main] DEBUG org.apache.http.headers -- http-outgoing-6 << HTTP/1.1 200 OK
09:23:28.547 [main] DEBUG org.apache.http.headers -- http-outgoing-6 << X-Powered-By: Express
09:23:28.547 [main] DEBUG org.apache.http.headers -- http-outgoing-6 << Content-Type: application/json; charset=utf-8
09:23:28.547 [main] DEBUG org.apache.http.headers -- http-outgoing-6 << Content-Length: 1622
09:23:28.547 [main] DEBUG org.apache.http.headers -- http-outgoing-6 << ETag: W/"656-lmgBHy/ffzX/CXoVYK7mLZpBn+8"
09:23:28.547 [main] DEBUG org.apache.http.headers -- http-outgoing-6 << Date: Wed, 01 Apr 2026 14:23:28 GMT
09:23:28.547 [main] DEBUG org.apache.http.headers -- http-outgoing-6 << Connection: keep-alive
09:23:28.547 [main] DEBUG org.apache.http.headers -- http-outgoing-6 << Keep-Alive: timeout=5
09:23:28.547 [main] DEBUG org.apache.http.impl.execchain.MainClientExec -- Connection can be kept alive for 5000 MILLISECONDS
09:23:28.547 [main] DEBUG org.apache.http.impl.conn.PoolingHttpClientConnectionManager -- Connection [id: 6][route: {}->http://localhost:3100] can be kept alive for 5.0 seconds
09:23:28.547 [main] DEBUG org.apache.http.impl.conn.DefaultManagedHttpClientConnection -- http-outgoing-6: set socket timeout to 0
09:23:28.547 [main] DEBUG org.apache.http.impl.conn.PoolingHttpClientConnectionManager -- Connection released: [id: 6][route: {}->http://localhost:3100][total available: 1; route allocated: 1 of 5; total allocated: 1 of 10]
09:23:28.548 [main] DEBUG org.apache.http.impl.conn.PoolingHttpClientConnectionManager -- Connection manager is shutting down
09:23:28.548 [main] DEBUG org.apache.http.impl.conn.DefaultManagedHttpClientConnection -- http-outgoing-6: Close connection
09:23:28.548 [main] DEBUG org.apache.http.impl.conn.PoolingHttpClientConnectionManager -- Connection manager shut down
09:23:28.548 [main] DEBUG com.intuit.karate -- response time in milliseconds: 5
1 < 200
1 < X-Powered-By: Express
1 < Content-Type: application/json; charset=utf-8
1 < Content-Length: 1622
1 < ETag: W/"656-lmgBHy/ffzX/CXoVYK7mLZpBn+8"
1 < Date: Wed, 01 Apr 2026 14:23:28 GMT
1 < Connection: keep-alive
1 < Keep-Alive: timeout=5
[...]
[THYMELEAF]             * [* {th:form,data-th-form}] [1000]: org.thymeleaf.standard.processor.StandardRemovableAttributeTagProcessor
[THYMELEAF]             * [* {th:compact,data-th-compact}] [1000]: org.thymeleaf.standard.processor.StandardRemovableAttributeTagProcessor
[THYMELEAF]             * [* {th:formenctype,data-th-formenctype}] [1000]: org.thymeleaf.standard.processor.StandardRemovableAttributeTagProcessor
[THYMELEAF]             * [* {th:usemap,data-th-usemap}] [1000]: org.thymeleaf.standard.processor.StandardRemovableAttributeTagProcessor
[THYMELEAF]             * [* {th:accept-charset,data-th-accept-charset}] [1000]: org.thymeleaf.standard.processor.StandardRemovableAttributeTagProcessor
[THYMELEAF]             * [* {th:rel,data-th-rel}] [1000]: org.thymeleaf.standard.processor.StandardRemovableAttributeTagProcessor
[THYMELEAF]             * [* {th:contextmenu,data-th-contextmenu}] [1000]: org.thymeleaf.standard.processor.StandardRemovableAttributeTagProcessor
[THYMELEAF]             * [* {th:scheme,data-th-scheme}] [1000]: org.thymeleaf.standard.processor.StandardRemovableAttributeTagProcessor
[THYMELEAF]             * [* {th:tabindex,data-th-tabindex}] [1000]: org.thymeleaf.standard.processor.StandardRemovableAttributeTagProcessor
[THYMELEAF]             * [* {th:scrolling,data-th-scrolling}] [1000]: org.thymeleaf.standard.processor.StandardRemovableAttributeTagProcessor
[THYMELEAF]             * [* {th:target,data-th-target}] [1000]: org.thymeleaf.standard.processor.StandardRemovableAttributeTagProcessor
[THYMELEAF]             * [* {th:rules,data-th-rules}] [1000]: org.thymeleaf.standard.processor.StandardRemovableAttributeTagProcessor
[THYMELEAF]             * [* {th:datetime,data-th-datetime}] [1000]: org.thymeleaf.standard.processor.StandardRemovableAttributeTagProcessor
[THYMELEAF]             * [* {th:frame,data-th-frame}] [1000]: org.thymeleaf.standard.processor.StandardRemovableAttributeTagProcessor
[THYMELEAF]             * [* {th:class,data-th-class}] [1000]: org.thymeleaf.standard.processor.StandardRemovableAttributeTagProcessor
[THYMELEAF]             * [* {th:background,data-th-background}] [1000]: org.thymeleaf.standard.processor.StandardRemovableAttributeTagProcessor
[THYMELEAF]             * [* {th:cols,data-th-cols}] [1000]: org.thymeleaf.standard.processor.StandardRemovableAttributeTagProcessor
[THYMELEAF]             * [* {th:kind,data-th-kind}] [1000]: org.thymeleaf.standard.processor.StandardRemovableAttributeTagProcessor
[THYMELEAF]             * [* {th:spellcheck,data-th-spellcheck}] [1000]: org.thymeleaf.standard.processor.StandardRemovableAttributeTagProcessor
[THYMELEAF]             * [* {th:media,data-th-media}] [1000]: org.thymeleaf.standard.processor.StandardRemovableAttributeTagProcessor
[THYMELEAF]             * [* {th:data,data-th-data}] [1000]: org.thymeleaf.standard.processor.StandardRemovableAttributeTagProcessor
[THYMELEAF]             * [* {th:vspace,data-th-vspace}] [1000]: org.thymeleaf.standard.processor.StandardRemovableAttributeTagProcessor
[THYMELEAF]             * [* {th:codetype,data-th-codetype}] [1000]: org.thymeleaf.standard.processor.StandardRemovableAttributeTagProcessor
[THYMELEAF]             * [* {th:style,data-th-style}] [1000]: org.thymeleaf.standard.processor.StandardRemovableAttributeTagProcessor
[THYMELEAF]             * [* {th:alt,data-th-alt}] [1000]: org.thymeleaf.standard.processor.StandardRemovableAttributeTagProcessor
[THYMELEAF]             * [* {th:http-equiv,data-th-http-equiv}] [1000]: org.thymeleaf.standard.processor.StandardRemovableAttributeTagProcessor
[THYMELEAF]             * [* {th:sizes,data-th-sizes}] [1000]: org.thymeleaf.standard.processor.StandardRemovableAttributeTagProcessor
[THYMELEAF]             * [* {th:hreflang,data-th-hreflang}] [1000]: org.thymeleaf.standard.processor.StandardRemovableAttributeTagProcessor
[THYMELEAF]             * [* {th:border,data-th-border}] [1000]: org.thymeleaf.standard.processor.StandardRemovableAttributeTagProcessor
[THYMELEAF]             * [* {th:contenteditable,data-th-contenteditable}] [1000]: org.thymeleaf.standard.processor.StandardRemovableAttributeTagProcessor
[THYMELEAF]             * [* {th:enctype,data-th-enctype}] [1000]: org.thymeleaf.standard.processor.StandardRemovableAttributeTagProcessor
[THYMELEAF]             * [* {th:icon,data-th-icon}] [1000]: org.thymeleaf.standard.processor.StandardRemovableAttributeTagProcessor
[THYMELEAF]             * [* {th:align,data-th-align}] [1000]: org.thymeleaf.standard.processor.StandardRemovableAttributeTagProcessor
[THYMELEAF]             * [* {th:manifest,data-th-manifest}] [1000]: org.thymeleaf.standard.processor.StandardRemovableAttributeTagProcessor
[THYMELEAF]             * [* {th:standby,data-th-standby}] [1000]: org.thymeleaf.standard.processor.StandardRemovableAttributeTagProcessor
[THYMELEAF]             * [* {th:preload,data-th-preload}] [1000]: org.thymeleaf.standard.processor.StandardRemovableAttributeTagProcessor
[THYMELEAF]             * [* {th:formtarget,data-th-formtarget}] [1000]: org.thymeleaf.standard.processor.StandardRemovableAttributeTagProcessor
[THYMELEAF]             * [* {th:cellpadding,data-th-cellpadding}] [1000]: org.thymeleaf.standard.processor.StandardRemovableAttributeTagProcessor
[THYMELEAF]             * [* {th:longdesc,data-th-longdesc}] [1000]: org.thymeleaf.standard.processor.StandardRemovableAttributeTagProcessor
[THYMELEAF]             * [* {th:src,data-th-src}] [1000]: org.thymeleaf.standard.processor.StandardSrcTagProcessor
[THYMELEAF]             * [* {th:value,data-th-value}] [1000]: org.thymeleaf.standard.processor.StandardValueTagProcessor
[THYMELEAF]             * [* {th:xmlbase,data-th-xmlbase}] [1000]: org.thymeleaf.standard.processor.StandardXmlBaseTagProcessor
[THYMELEAF]             * [* {th:xmllang,data-th-xmllang}] [1000]: org.thymeleaf.standard.processor.StandardXmlLangTagProcessor
[THYMELEAF]             * [* {xmlns:th}] [1000]: org.thymeleaf.standard.processor.StandardXmlNsTagProcessor
[THYMELEAF]             * [* {th:xmlspace,data-th-xmlspace}] [1000]: org.thymeleaf.standard.processor.StandardXmlSpaceTagProcessor
[THYMELEAF]             * [* {th:classappend,data-th-classappend}] [1100]: org.thymeleaf.standard.processor.StandardClassappendTagProcessor
[THYMELEAF]             * [* {th:styleappend,data-th-styleappend}] [1100]: org.thymeleaf.standard.processor.StandardStyleappendTagProcessor
[THYMELEAF]             * [* {th:text,data-th-text}] [1300]: org.thymeleaf.standard.processor.StandardTextTagProcessor
[THYMELEAF]             * [* {th:utext,data-th-utext}] [1400]: org.thymeleaf.standard.processor.StandardUtextTagProcessor
[THYMELEAF]             * [* {th:fragment,data-th-fragment}] [1500]: org.thymeleaf.standard.processor.StandardFragmentTagProcessor
[THYMELEAF]             * [* {th:assert,data-th-assert}] [1550]: org.thymeleaf.standard.processor.StandardAssertTagProcessor
[THYMELEAF]             * [* {th:remove,data-th-remove}] [1600]: org.thymeleaf.standard.processor.StandardRemoveTagProcessor
[THYMELEAF]             * [* {th:ref,data-th-ref}] [10000]: org.thymeleaf.standard.processor.StandardRefAttributeTagProcessor
[THYMELEAF]             * [{th:block,th-block} *] [100000]: org.thymeleaf.standard.processor.StandardBlockTagProcessor
[THYMELEAF]             * [* th:*] [2147483647]: org.thymeleaf.standard.processor.StandardDefaultAttributesTagProcessor
[THYMELEAF]         * Text Processors by [precedence]:
[THYMELEAF]             * [1000]: org.thymeleaf.standard.processor.StandardInliningTextProcessor
[THYMELEAF]         * DOCTYPE Processors by [precedence]:
[THYMELEAF]             * [1000]: org.thymeleaf.standard.processor.StandardTranslationDocTypeProcessor
[THYMELEAF]         * CDATA Section Processors by [precedence]:
[THYMELEAF]             * [1000]: org.thymeleaf.standard.processor.StandardInliningCDATASectionProcessor
[THYMELEAF]         * Comment Processors by [precedence]:
[THYMELEAF]             * [1000]: org.thymeleaf.standard.processor.StandardInliningCommentProcessor
[THYMELEAF]             * [1100]: org.thymeleaf.standard.processor.StandardConditionalCommentProcessor
[THYMELEAF]     * Processors for Template Mode: XML
[THYMELEAF]         * Element Tag Processors by [matching element and attribute name] [precedence]:
[THYMELEAF]             * [* {th:include}] [100]: org.thymeleaf.standard.processor.StandardIncludeTagProcessor
[THYMELEAF]             * [* {th:insert}] [100]: org.thymeleaf.standard.processor.StandardInsertTagProcessor
[THYMELEAF]             * [* {th:replace}] [100]: org.thymeleaf.standard.processor.StandardReplaceTagProcessor
[THYMELEAF]             * [* {th:each}] [200]: com.intuit.karate.template.KarateEachTagProcessor
[THYMELEAF]             * [* {th:switch}] [250]: org.thymeleaf.standard.processor.StandardSwitchTagProcessor
[THYMELEAF]             * [* {th:case}] [275]: org.thymeleaf.standard.processor.StandardCaseTagProcessor
[THYMELEAF]             * [* {th:if}] [300]: org.thymeleaf.standard.processor.StandardIfTagProcessor
[THYMELEAF]             * [* {th:unless}] [400]: org.thymeleaf.standard.processor.StandardUnlessTagProcessor
[THYMELEAF]             * [* {th:object}] [500]: org.thymeleaf.standard.processor.StandardObjectTagProcessor
[THYMELEAF]             * [* {th:with}] [600]: com.intuit.karate.template.KarateWithTagProcessor
[THYMELEAF]             * [* {th:attr}] [700]: com.intuit.karate.template.KarateAttributeTagProcessor.KarateAttrTagProcessor
[THYMELEAF]             * [* {th:attrappend}] [900]: com.intuit.karate.template.KarateAttributeTagProcessor.KarateAttrappendTagProcessor
[THYMELEAF]             * [* {th:attrprepend}] [900]: com.intuit.karate.template.KarateAttributeTagProcessor.KarateAttrprependTagProcessor
[THYMELEAF]             * [* {th:inline}] [1000]: org.thymeleaf.standard.processor.StandardInlineXMLTagProcessor
[THYMELEAF]             * [* {xmlns:th}] [1000]: org.thymeleaf.standard.processor.StandardXmlNsTagProcessor
[THYMELEAF]             * [* {th:text}] [1300]: org.thymeleaf.standard.processor.StandardTextTagProcessor
[THYMELEAF]             * [* {th:utext}] [1400]: org.thymeleaf.standard.processor.StandardUtextTagProcessor
[THYMELEAF]             * [* {th:fragment}] [1500]: org.thymeleaf.standard.processor.StandardFragmentTagProcessor
[THYMELEAF]             * [* {th:assert}] [1550]: org.thymeleaf.standard.processor.StandardAssertTagProcessor
[THYMELEAF]             * [* {th:remove}] [1600]: org.thymeleaf.standard.processor.StandardRemoveTagProcessor
[THYMELEAF]             * [* {th:ref}] [10000]: org.thymeleaf.standard.processor.StandardRefAttributeTagProcessor
[THYMELEAF]             * [{th:block} *] [100000]: org.thymeleaf.standard.processor.StandardBlockTagProcessor
[THYMELEAF]             * [* th:*] [2147483647]: org.thymeleaf.standard.processor.StandardDefaultAttributesTagProcessor
[THYMELEAF]         * Text Processors by [precedence]:
[THYMELEAF]             * [1000]: org.thymeleaf.standard.processor.StandardInliningTextProcessor
[THYMELEAF]         * CDATA Section Processors by [precedence]:
[THYMELEAF]             * [1000]: org.thymeleaf.standard.processor.StandardInliningCDATASectionProcessor
[THYMELEAF]         * Comment Processors by [precedence]:
[THYMELEAF]             * [1000]: org.thymeleaf.standard.processor.StandardInliningCommentProcessor
[THYMELEAF]     * Processors for Template Mode: TEXT
[THYMELEAF]         * Element Tag Processors by [matching element and attribute name] [precedence]:
[THYMELEAF]             * [* {th:insert}] [100]: org.thymeleaf.standard.processor.StandardInsertTagProcessor
[THYMELEAF]             * [* {th:replace}] [100]: org.thymeleaf.standard.processor.StandardReplaceTagProcessor
[THYMELEAF]             * [* {th:each}] [200]: com.intuit.karate.template.KarateEachTagProcessor
[THYMELEAF]             * [* {th:switch}] [250]: org.thymeleaf.standard.processor.StandardSwitchTagProcessor
[THYMELEAF]             * [* {th:case}] [275]: org.thymeleaf.standard.processor.StandardCaseTagProcessor
[THYMELEAF]             * [* {th:if}] [300]: org.thymeleaf.standard.processor.StandardIfTagProcessor
[THYMELEAF]             * [* {th:unless}] [400]: org.thymeleaf.standard.processor.StandardUnlessTagProcessor
[THYMELEAF]             * [* {th:object}] [500]: org.thymeleaf.standard.processor.StandardObjectTagProcessor
[THYMELEAF]             * [* {th:with}] [600]: com.intuit.karate.template.KarateWithTagProcessor
[THYMELEAF]             * [* {th:inline}] [1000]: org.thymeleaf.standard.processor.StandardInlineTextualTagProcessor
[THYMELEAF]             * [* {th:text}] [1300]: org.thymeleaf.standard.processor.StandardTextTagProcessor
[THYMELEAF]             * [* {th:utext}] [1400]: org.thymeleaf.standard.processor.StandardUtextTagProcessor
[THYMELEAF]             * [* {th:assert}] [1550]: org.thymeleaf.standard.processor.StandardAssertTagProcessor
[THYMELEAF]             * [* {th:remove}] [1600]: org.thymeleaf.standard.processor.StandardRemoveTagProcessor
[THYMELEAF]             * [{th:block} *] [100000]: org.thymeleaf.standard.processor.StandardBlockTagProcessor
[THYMELEAF]             * [* 100000] [org.thymeleaf.standard.processor.StandardBlockTagProcessor]: {}
[THYMELEAF]         * Text Processors by [precedence]:
[THYMELEAF]             * [1000]: org.thymeleaf.standard.processor.StandardInliningTextProcessor
[THYMELEAF]     * Processors for Template Mode: JAVASCRIPT
[THYMELEAF]         * Element Tag Processors by [matching element and attribute name] [precedence]:
[THYMELEAF]             * [* {th:insert}] [100]: org.thymeleaf.standard.processor.StandardInsertTagProcessor
[THYMELEAF]             * [* {th:replace}] [100]: org.thymeleaf.standard.processor.StandardReplaceTagProcessor
[THYMELEAF]             * [* {th:each}] [200]: com.intuit.karate.template.KarateEachTagProcessor
[THYMELEAF]             * [* {th:switch}] [250]: org.thymeleaf.standard.processor.StandardSwitchTagProcessor
[THYMELEAF]             * [* {th:case}] [275]: org.thymeleaf.standard.processor.StandardCaseTagProcessor
[THYMELEAF]             * [* {th:if}] [300]: org.thymeleaf.standard.processor.StandardIfTagProcessor
[THYMELEAF]             * [* {th:unless}] [400]: org.thymeleaf.standard.processor.StandardUnlessTagProcessor
[THYMELEAF]             * [* {th:object}] [500]: org.thymeleaf.standard.processor.StandardObjectTagProcessor
[THYMELEAF]             * [* {th:with}] [600]: com.intuit.karate.template.KarateWithTagProcessor
[THYMELEAF]             * [* {th:inline}] [1000]: org.thymeleaf.standard.processor.StandardInlineTextualTagProcessor
[THYMELEAF]             * [* {th:text}] [1300]: org.thymeleaf.standard.processor.StandardTextTagProcessor
[THYMELEAF]             * [* {th:utext}] [1400]: org.thymeleaf.standard.processor.StandardUtextTagProcessor
[THYMELEAF]             * [* {th:assert}] [1550]: org.thymeleaf.standard.processor.StandardAssertTagProcessor
[THYMELEAF]             * [* {th:remove}] [1600]: org.thymeleaf.standard.processor.StandardRemoveTagProcessor
[THYMELEAF]             * [{th:block} *] [100000]: org.thymeleaf.standard.processor.StandardBlockTagProcessor
[THYMELEAF]             * [* 100000] [org.thymeleaf.standard.processor.StandardBlockTagProcessor]: {}
[THYMELEAF]         * Text Processors by [precedence]:
[THYMELEAF]             * [1000]: org.thymeleaf.standard.processor.StandardInliningTextProcessor
[THYMELEAF]     * Processors for Template Mode: CSS
[THYMELEAF]         * Element Tag Processors by [matching element and attribute name] [precedence]:
[THYMELEAF]             * [* {th:insert}] [100]: org.thymeleaf.standard.processor.StandardInsertTagProcessor
[THYMELEAF]             * [* {th:replace}] [100]: org.thymeleaf.standard.processor.StandardReplaceTagProcessor
[THYMELEAF]             * [* {th:each}] [200]: com.intuit.karate.template.KarateEachTagProcessor
[THYMELEAF]             * [* {th:switch}] [250]: org.thymeleaf.standard.processor.StandardSwitchTagProcessor
[THYMELEAF]             * [* {th:case}] [275]: org.thymeleaf.standard.processor.StandardCaseTagProcessor
[THYMELEAF]             * [* {th:if}] [300]: org.thymeleaf.standard.processor.StandardIfTagProcessor
[THYMELEAF]             * [* {th:unless}] [400]: org.thymeleaf.standard.processor.StandardUnlessTagProcessor
[THYMELEAF]             * [* {th:object}] [500]: org.thymeleaf.standard.processor.StandardObjectTagProcessor
[THYMELEAF]             * [* {th:with}] [600]: com.intuit.karate.template.KarateWithTagProcessor
[THYMELEAF]             * [* {th:inline}] [1000]: org.thymeleaf.standard.processor.StandardInlineTextualTagProcessor
[THYMELEAF]             * [* {th:text}] [1300]: org.thymeleaf.standard.processor.StandardTextTagProcessor
[THYMELEAF]             * [* {th:utext}] [1400]: org.thymeleaf.standard.processor.StandardUtextTagProcessor
[THYMELEAF]             * [* {th:assert}] [1550]: org.thymeleaf.standard.processor.StandardAssertTagProcessor
[THYMELEAF]             * [* {th:remove}] [1600]: org.thymeleaf.standard.processor.StandardRemoveTagProcessor
[THYMELEAF]             * [* 100000] [org.thymeleaf.standard.processor.StandardBlockTagProcessor]: {}
[THYMELEAF]             * [{th:block} *] [100000]: org.thymeleaf.standard.processor.StandardBlockTagProcessor
[THYMELEAF]         * Text Processors by [precedence]:
[THYMELEAF]             * [1000]: org.thymeleaf.standard.processor.StandardInliningTextProcessor
[THYMELEAF]     * Expression Objects:
[THYMELEAF]         * #ctx
[THYMELEAF]         * #root
[THYMELEAF]         * #vars
[THYMELEAF]         * #object
[THYMELEAF]         * #locale
[THYMELEAF]         * #conversions
[THYMELEAF]         * #uris
[THYMELEAF]         * #temporals
[THYMELEAF]         * #calendars
[THYMELEAF]         * #dates
[THYMELEAF]         * #bools
[THYMELEAF]         * #numbers
[THYMELEAF]         * #objects
[THYMELEAF]         * #strings
[THYMELEAF]         * #arrays
[THYMELEAF]         * #lists
[THYMELEAF]         * #sets
[THYMELEAF]         * #maps
[THYMELEAF]         * #aggregates
[THYMELEAF]         * #messages
[THYMELEAF]         * #ids
[THYMELEAF]         * #execInfo
[THYMELEAF]         * #request
[THYMELEAF]         * #response
[THYMELEAF]         * #session
[THYMELEAF]         * #servletContext
[THYMELEAF]     * Execution Attributes:
[THYMELEAF]         * "StandardExpressionParser": com.intuit.karate.template.KarateStandardDialect@3b3546a3
[THYMELEAF]         * "StandardJavaScriptSerializer": org.thymeleaf.standard.serializer.StandardJavaScriptSerializer@615bad16
[THYMELEAF]         * "StandardCSSSerializer": org.thymeleaf.standard.serializer.StandardCSSSerializer@52856ff9
[THYMELEAF]         * "StandardVariableExpressionEvaluator": com.intuit.karate.template.KarateStandardDialect@3b3546a3
[THYMELEAF]         * "StandardConversionService": org.thymeleaf.standard.expression.StandardConversionService@5aa7cfdf
[THYMELEAF] * Dialect [2 of 2]: karate (com.intuit.karate.template.KarateScriptDialect)
[THYMELEAF]     * Prefix: "ka"
[THYMELEAF]     * Processors for Template Mode: HTML
[THYMELEAF]         * Element Tag Processors by [matching element and attribute name] [precedence]:
[THYMELEAF]             * [* {src}] [1000]: com.intuit.karate.template.KaScriptAttrProcessor
[THYMELEAF]         * Element Model Processors by [matching element and attribute name] [precedence]:
[THYMELEAF]             * [{script} {ka:scope,data-ka-scope}] [1000]: com.intuit.karate.template.KaScriptElemProcessor
[THYMELEAF]             * [* {ka:set,data-ka-set}] [1000]: com.intuit.karate.template.KaSetElemProcessor
[THYMELEAF] TEMPLATE ENGINE CONFIGURED OK
09:23:28.935 [main] DEBUG org.thymeleaf.TemplateEngine -- [THYMELEAF] TEMPLATE ENGINE INITIALIZED

HTML report: (paste into browser to view) | Karate version: 1.5.2
file:///Users/mcairns/Documents/home-test-api/target/karate-reports/karate-summary.html
===================================================================

]]></system-out>
  </testcase>
</testsuite>